{"/home/travis/build/npmtest/node-npmtest-underscore-cli/test.js":{"path":"/home/travis/build/npmtest/node-npmtest-underscore-cli/test.js","s":{"1":2,"2":2,"3":2,"4":2,"5":2,"6":2,"7":2,"8":1,"9":2,"10":2,"11":1,"12":1,"13":1,"14":1,"15":2,"16":2,"17":2,"18":2,"19":1,"20":1,"21":2,"22":2,"23":2,"24":1,"25":1,"26":1,"27":1,"28":1,"29":1,"30":1,"31":1,"32":1,"33":1,"34":1,"35":1,"36":1,"37":1,"38":1,"39":2,"40":2,"41":1,"42":2,"43":2,"44":1,"45":2,"46":2,"47":1,"48":2,"49":2,"50":1,"51":1,"52":1,"53":1,"54":1},"b":{"1":[2,1,1,1],"2":[1,1,1,1],"3":[1,1],"4":[1,1],"5":[1,1],"6":[1,1],"7":[1,1],"8":[1,1],"9":[1,1],"10":[1,1,1],"11":[1,1],"12":[1,1],"13":[1,1],"14":[1,1],"15":[1,1],"16":[1,1],"17":[1,1]},"f":{"1":2,"2":2,"3":2,"4":2,"5":2,"6":1,"7":1,"8":1,"9":2,"10":2,"11":2,"12":2,"13":1},"fnMap":{"1":{"name":"(anonymous_1)","line":12,"loc":{"start":{"line":12,"column":1},"end":{"line":12,"column":13}}},"2":{"name":"(anonymous_2)","line":19,"loc":{"start":{"line":19,"column":5},"end":{"line":19,"column":17}}},"3":{"name":"(anonymous_3)","line":23,"loc":{"start":{"line":23,"column":24},"end":{"line":23,"column":36}}},"4":{"name":"(anonymous_4)","line":61,"loc":{"start":{"line":61,"column":5},"end":{"line":61,"column":17}}},"5":{"name":"(anonymous_5)","line":82,"loc":{"start":{"line":82,"column":5},"end":{"line":82,"column":17}}},"6":{"name":"(anonymous_6)","line":91,"loc":{"start":{"line":91,"column":77},"end":{"line":94,"column":10}}},"7":{"name":"(anonymous_7)","line":112,"loc":{"start":{"line":112,"column":83},"end":{"line":115,"column":10}},"skip":true},"8":{"name":"(anonymous_8)","line":123,"loc":{"start":{"line":123,"column":77},"end":{"line":126,"column":10}},"skip":true},"9":{"name":"(anonymous_9)","line":139,"loc":{"start":{"line":139,"column":12},"end":{"line":139,"column":40}},"skip":true},"10":{"name":"(anonymous_10)","line":147,"loc":{"start":{"line":147,"column":77},"end":{"line":150,"column":10}},"skip":true},"11":{"name":"(anonymous_11)","line":158,"loc":{"start":{"line":158,"column":83},"end":{"line":161,"column":10}},"skip":true},"12":{"name":"(anonymous_12)","line":169,"loc":{"start":{"line":169,"column":79},"end":{"line":172,"column":10}},"skip":true},"13":{"name":"(anonymous_13)","line":180,"loc":{"start":{"line":180,"column":75},"end":{"line":183,"column":10}},"skip":true}},"statementMap":{"1":{"start":{"line":12,"column":0},"end":{"line":195,"column":5}},"2":{"start":{"line":14,"column":4},"end":{"line":14,"column":14}},"3":{"start":{"line":19,"column":4},"end":{"line":56,"column":9}},"4":{"start":{"line":21,"column":8},"end":{"line":21,"column":19}},"5":{"start":{"line":23,"column":8},"end":{"line":35,"column":13}},"6":{"start":{"line":24,"column":12},"end":{"line":34,"column":13}},"7":{"start":{"line":25,"column":16},"end":{"line":28,"column":30}},"8":{"start":{"line":30,"column":16},"end":{"line":33,"column":27}},"9":{"start":{"line":37,"column":8},"end":{"line":39,"column":21}},"10":{"start":{"line":40,"column":8},"end":{"line":53,"column":9}},"11":{"start":{"line":43,"column":12},"end":{"line":46,"column":14}},"12":{"start":{"line":47,"column":12},"end":{"line":47,"column":18}},"13":{"start":{"line":50,"column":12},"end":{"line":51,"column":33}},"14":{"start":{"line":52,"column":12},"end":{"line":52,"column":18}},"15":{"start":{"line":55,"column":8},"end":{"line":55,"column":35}},"16":{"start":{"line":61,"column":4},"end":{"line":63,"column":9}},"17":{"start":{"line":62,"column":8},"end":{"line":62,"column":15}},"18":{"start":{"line":64,"column":4},"end":{"line":77,"column":5}},"19":{"start":{"line":70,"column":8},"end":{"line":70,"column":14}},"20":{"start":{"line":76,"column":8},"end":{"line":76,"column":14}},"21":{"start":{"line":82,"column":4},"end":{"line":84,"column":9}},"22":{"start":{"line":83,"column":8},"end":{"line":83,"column":15}},"23":{"start":{"line":85,"column":4},"end":{"line":194,"column":5}},"24":{"start":{"line":91,"column":8},"end":{"line":99,"column":10}},"25":{"start":{"line":98,"column":12},"end":{"line":98,"column":35}},"26":{"start":{"line":102,"column":8},"end":{"line":104,"column":63}},"27":{"start":{"line":105,"column":8},"end":{"line":105,"column":14}},"28":{"start":{"line":112,"column":8},"end":{"line":121,"column":10},"skip":true},"29":{"start":{"line":119,"column":12},"end":{"line":119,"column":55},"skip":true},"30":{"start":{"line":120,"column":12},"end":{"line":120,"column":48},"skip":true},"31":{"start":{"line":123,"column":8},"end":{"line":136,"column":10},"skip":true},"32":{"start":{"line":130,"column":12},"end":{"line":130,"column":76},"skip":true},"33":{"start":{"line":131,"column":12},"end":{"line":131,"column":73},"skip":true},"34":{"start":{"line":132,"column":12},"end":{"line":132,"column":74},"skip":true},"35":{"start":{"line":133,"column":12},"end":{"line":133,"column":79},"skip":true},"36":{"start":{"line":134,"column":12},"end":{"line":134,"column":25},"skip":true},"37":{"start":{"line":135,"column":12},"end":{"line":135,"column":45},"skip":true},"38":{"start":{"line":138,"column":8},"end":{"line":145,"column":14},"skip":true},"39":{"start":{"line":143,"column":16},"end":{"line":143,"column":29},"skip":true},"40":{"start":{"line":144,"column":16},"end":{"line":144,"column":55},"skip":true},"41":{"start":{"line":147,"column":8},"end":{"line":156,"column":10},"skip":true},"42":{"start":{"line":154,"column":12},"end":{"line":154,"column":25},"skip":true},"43":{"start":{"line":155,"column":12},"end":{"line":155,"column":45},"skip":true},"44":{"start":{"line":158,"column":8},"end":{"line":167,"column":10},"skip":true},"45":{"start":{"line":165,"column":12},"end":{"line":165,"column":25},"skip":true},"46":{"start":{"line":166,"column":12},"end":{"line":166,"column":48},"skip":true},"47":{"start":{"line":169,"column":8},"end":{"line":178,"column":10},"skip":true},"48":{"start":{"line":176,"column":12},"end":{"line":176,"column":25},"skip":true},"49":{"start":{"line":177,"column":12},"end":{"line":177,"column":46},"skip":true},"50":{"start":{"line":180,"column":8},"end":{"line":189,"column":10},"skip":true},"51":{"start":{"line":187,"column":12},"end":{"line":187,"column":94},"skip":true},"52":{"start":{"line":188,"column":12},"end":{"line":188,"column":48},"skip":true},"53":{"start":{"line":192,"column":8},"end":{"line":192,"column":35},"skip":true},"54":{"start":{"line":193,"column":8},"end":{"line":193,"column":14},"skip":true}},"branchMap":{"1":{"line":25,"type":"binary-expr","locations":[{"start":{"line":25,"column":23},"end":{"line":25,"column":62}},{"start":{"line":26,"column":20},"end":{"line":26,"column":70}},{"start":{"line":27,"column":20},"end":{"line":27,"column":71}},{"start":{"line":28,"column":20},"end":{"line":28,"column":29}}]},"2":{"line":30,"type":"binary-expr","locations":[{"start":{"line":30,"column":23},"end":{"line":30,"column":37}},{"start":{"line":31,"column":20},"end":{"line":31,"column":61}},{"start":{"line":32,"column":20},"end":{"line":32,"column":70}},{"start":{"line":33,"column":20},"end":{"line":33,"column":26}}]},"3":{"line":37,"type":"cond-expr","locations":[{"start":{"line":38,"column":14},"end":{"line":38,"column":20}},{"start":{"line":39,"column":14},"end":{"line":39,"column":20}}]},"4":{"line":40,"type":"switch","locations":[{"start":{"line":42,"column":8},"end":{"line":47,"column":18}},{"start":{"line":49,"column":8},"end":{"line":52,"column":18}}]},"5":{"line":44,"type":"binary-expr","locations":[{"start":{"line":44,"column":16},"end":{"line":44,"column":44}},{"start":{"line":44,"column":48},"end":{"line":44,"column":66}}]},"6":{"line":50,"type":"binary-expr","locations":[{"start":{"line":50,"column":21},"end":{"line":50,"column":49}},{"start":{"line":50,"column":53},"end":{"line":50,"column":72}}]},"7":{"line":64,"type":"switch","locations":[{"start":{"line":69,"column":4},"end":{"line":70,"column":14}},{"start":{"line":75,"column":4},"end":{"line":76,"column":14}}]},"8":{"line":85,"type":"switch","locations":[{"start":{"line":90,"column":4},"end":{"line":105,"column":14}},{"start":{"line":111,"column":4},"end":{"line":193,"column":14},"skip":true}]},"9":{"line":91,"type":"binary-expr","locations":[{"start":{"line":91,"column":42},"end":{"line":91,"column":73}},{"start":{"line":91,"column":77},"end":{"line":99,"column":9}}]},"10":{"line":102,"type":"binary-expr","locations":[{"start":{"line":102,"column":18},"end":{"line":102,"column":32}},{"start":{"line":103,"column":12},"end":{"line":103,"column":53}},{"start":{"line":104,"column":12},"end":{"line":104,"column":61}}]},"11":{"line":112,"type":"binary-expr","locations":[{"start":{"line":112,"column":45},"end":{"line":112,"column":79},"skip":true},{"start":{"line":112,"column":83},"end":{"line":121,"column":9},"skip":true}]},"12":{"line":123,"type":"binary-expr","locations":[{"start":{"line":123,"column":42},"end":{"line":123,"column":73},"skip":true},{"start":{"line":123,"column":77},"end":{"line":136,"column":9},"skip":true}]},"13":{"line":138,"type":"binary-expr","locations":[{"start":{"line":138,"column":48},"end":{"line":138,"column":85},"skip":true},{"start":{"line":139,"column":12},"end":{"line":145,"column":13},"skip":true}]},"14":{"line":147,"type":"binary-expr","locations":[{"start":{"line":147,"column":42},"end":{"line":147,"column":73},"skip":true},{"start":{"line":147,"column":77},"end":{"line":156,"column":9},"skip":true}]},"15":{"line":158,"type":"binary-expr","locations":[{"start":{"line":158,"column":45},"end":{"line":158,"column":79},"skip":true},{"start":{"line":158,"column":83},"end":{"line":167,"column":9},"skip":true}]},"16":{"line":169,"type":"binary-expr","locations":[{"start":{"line":169,"column":43},"end":{"line":169,"column":75},"skip":true},{"start":{"line":169,"column":79},"end":{"line":178,"column":9},"skip":true}]},"17":{"line":180,"type":"binary-expr","locations":[{"start":{"line":180,"column":41},"end":{"line":180,"column":71},"skip":true},{"start":{"line":180,"column":75},"end":{"line":189,"column":9},"skip":true}]}},"code":["/* istanbul instrument in package npmtest_underscore_cli */","/*jslint","    bitwise: true,","    browser: true,","    maxerr: 8,","    maxlen: 96,","    node: true,","    nomen: true,","    regexp: true,","    stupid: true","*/","(function () {","    'use strict';","    var local;","","","","    // run shared js-env code - init-before","    (function () {","        // init local","        local = {};","        // init modeJs","        local.modeJs = (function () {","            try {","                return typeof navigator.userAgent === 'string' &&","                    typeof document.querySelector('body') === 'object' &&","                    typeof XMLHttpRequest.prototype.open === 'function' &&","                    'browser';","            } catch (errorCaughtBrowser) {","                return module.exports &&","                    typeof process.versions.node === 'string' &&","                    typeof require('http').createServer === 'function' &&","                    'node';","            }","        }());","        // init global","        local.global = local.modeJs === 'browser'","            ? window","            : global;","        switch (local.modeJs) {","        // re-init local from window.local","        case 'browser':","            local = local.global.utility2.objectSetDefault(","                local.global.utility2_rollup || local.global.local,","                local.global.utility2","            );","            break;","        // re-init local from example.js","        case 'node':","            local = (local.global.utility2_rollup || require('utility2'))","                .requireReadme();","            break;","        }","        // export local","        local.global.local = local;","    }());","","","","    // run shared js-env code - function","    (function () {","        return;","    }());","    switch (local.modeJs) {","","","","    // run browser js-env code - function","    case 'browser':","        break;","","","","    // run node js-env code - function","    case 'node':","        break;","    }","","","","    // run shared js-env code - init-after","    (function () {","        return;","    }());","    switch (local.modeJs) {","","","","    // run browser js-env code - init-after","    case 'browser':","        local.testCase_browser_nullCase = local.testCase_browser_nullCase || function (","            options,","            onError","        ) {","        /*","         * this function will test browsers's null-case handling-behavior-behavior","         */","            onError(null, options);","        };","","        // run tests","        local.nop(local.modeTest &&","            document.querySelector('#testRunButton1') &&","            document.querySelector('#testRunButton1').click());","        break;","","","","    // run node js-env code - init-after","    /* istanbul ignore next */","    case 'node':","        local.testCase_buildApidoc_default = local.testCase_buildApidoc_default || function (","            options,","            onError","        ) {","        /*","         * this function will test buildApidoc's default handling-behavior-behavior","         */","            options = { modulePathList: module.paths };","            local.buildApidoc(options, onError);","        };","","        local.testCase_buildApp_default = local.testCase_buildApp_default || function (","            options,","            onError","        ) {","        /*","         * this function will test buildApp's default handling-behavior-behavior","         */","            local.testCase_buildReadme_default(options, local.onErrorThrow);","            local.testCase_buildLib_default(options, local.onErrorThrow);","            local.testCase_buildTest_default(options, local.onErrorThrow);","            local.testCase_buildCustomOrg_default(options, local.onErrorThrow);","            options = [];","            local.buildApp(options, onError);","        };","","        local.testCase_buildCustomOrg_default = local.testCase_buildCustomOrg_default ||","            function (options, onError) {","            /*","             * this function will test buildCustomOrg's default handling-behavior","             */","                options = {};","                local.buildCustomOrg(options, onError);","            };","","        local.testCase_buildLib_default = local.testCase_buildLib_default || function (","            options,","            onError","        ) {","        /*","         * this function will test buildLib's default handling-behavior","         */","            options = {};","            local.buildLib(options, onError);","        };","","        local.testCase_buildReadme_default = local.testCase_buildReadme_default || function (","            options,","            onError","        ) {","        /*","         * this function will test buildReadme's default handling-behavior-behavior","         */","            options = {};","            local.buildReadme(options, onError);","        };","","        local.testCase_buildTest_default = local.testCase_buildTest_default || function (","            options,","            onError","        ) {","        /*","         * this function will test buildTest's default handling-behavior","         */","            options = {};","            local.buildTest(options, onError);","        };","","        local.testCase_webpage_default = local.testCase_webpage_default || function (","            options,","            onError","        ) {","        /*","         * this function will test webpage's default handling-behavior","         */","            options = { modeCoverageMerge: true, url: local.serverLocalHost + '?modeTest=1' };","            local.browserTest(options, onError);","        };","","        // run test-server","        local.testRunServer(local);","        break;","    }","}());",""],"l":{"12":2,"14":2,"19":2,"21":2,"23":2,"24":2,"25":2,"30":1,"37":2,"40":2,"43":1,"47":1,"50":1,"52":1,"55":2,"61":2,"62":2,"64":2,"70":1,"76":1,"82":2,"83":2,"85":2,"91":1,"98":1,"102":1,"105":1,"112":1,"119":1,"120":1,"123":1,"130":1,"131":1,"132":1,"133":1,"134":1,"135":1,"138":1,"143":2,"144":2,"147":1,"154":2,"155":2,"158":1,"165":2,"166":2,"169":1,"176":2,"177":2,"180":1,"187":1,"188":1,"192":1,"193":1}},"/home/travis/build/npmtest/node-npmtest-underscore-cli/lib.npmtest_underscore_cli.js":{"path":"/home/travis/build/npmtest/node-npmtest-underscore-cli/lib.npmtest_underscore_cli.js","s":{"1":2,"2":2,"3":2,"4":2,"5":2,"6":2,"7":2,"8":1,"9":2,"10":2,"11":2,"12":2,"13":1,"14":1,"15":1,"16":1},"b":{"1":[2,1,1,1],"2":[1,1,1,1],"3":[1,1],"4":[2,2],"5":[1,1]},"f":{"1":2,"2":2,"3":2},"fnMap":{"1":{"name":"(anonymous_1)","line":12,"loc":{"start":{"line":12,"column":1},"end":{"line":12,"column":13}}},"2":{"name":"(anonymous_2)","line":19,"loc":{"start":{"line":19,"column":5},"end":{"line":19,"column":17}}},"3":{"name":"(anonymous_3)","line":23,"loc":{"start":{"line":23,"column":24},"end":{"line":23,"column":36}}}},"statementMap":{"1":{"start":{"line":12,"column":0},"end":{"line":53,"column":5}},"2":{"start":{"line":14,"column":4},"end":{"line":14,"column":14}},"3":{"start":{"line":19,"column":4},"end":{"line":52,"column":9}},"4":{"start":{"line":21,"column":8},"end":{"line":21,"column":19}},"5":{"start":{"line":23,"column":8},"end":{"line":35,"column":13}},"6":{"start":{"line":24,"column":12},"end":{"line":34,"column":13}},"7":{"start":{"line":25,"column":16},"end":{"line":28,"column":30}},"8":{"start":{"line":30,"column":16},"end":{"line":33,"column":27}},"9":{"start":{"line":37,"column":8},"end":{"line":39,"column":21}},"10":{"start":{"line":41,"column":8},"end":{"line":41,"column":54}},"11":{"start":{"line":43,"column":8},"end":{"line":43,"column":59}},"12":{"start":{"line":45,"column":8},"end":{"line":51,"column":9}},"13":{"start":{"line":46,"column":12},"end":{"line":46,"column":65}},"14":{"start":{"line":48,"column":12},"end":{"line":48,"column":35}},"15":{"start":{"line":49,"column":12},"end":{"line":49,"column":49}},"16":{"start":{"line":50,"column":12},"end":{"line":50,"column":43}}},"branchMap":{"1":{"line":25,"type":"binary-expr","locations":[{"start":{"line":25,"column":23},"end":{"line":25,"column":62}},{"start":{"line":26,"column":20},"end":{"line":26,"column":70}},{"start":{"line":27,"column":20},"end":{"line":27,"column":71}},{"start":{"line":28,"column":20},"end":{"line":28,"column":29}}]},"2":{"line":30,"type":"binary-expr","locations":[{"start":{"line":30,"column":23},"end":{"line":30,"column":37}},{"start":{"line":31,"column":20},"end":{"line":31,"column":61}},{"start":{"line":32,"column":20},"end":{"line":32,"column":70}},{"start":{"line":33,"column":20},"end":{"line":33,"column":26}}]},"3":{"line":37,"type":"cond-expr","locations":[{"start":{"line":38,"column":14},"end":{"line":38,"column":20}},{"start":{"line":39,"column":14},"end":{"line":39,"column":20}}]},"4":{"line":41,"type":"binary-expr","locations":[{"start":{"line":41,"column":16},"end":{"line":41,"column":44}},{"start":{"line":41,"column":48},"end":{"line":41,"column":53}}]},"5":{"line":45,"type":"if","locations":[{"start":{"line":45,"column":8},"end":{"line":45,"column":8}},{"start":{"line":45,"column":8},"end":{"line":45,"column":8}}]}},"code":["/* istanbul instrument in package npmtest_underscore_cli */","/*jslint","    bitwise: true,","    browser: true,","    maxerr: 8,","    maxlen: 96,","    node: true,","    nomen: true,","    regexp: true,","    stupid: true","*/","(function () {","    'use strict';","    var local;","","","","    // run shared js-env code - init-before","    (function () {","        // init local","        local = {};","        // init modeJs","        local.modeJs = (function () {","            try {","                return typeof navigator.userAgent === 'string' &&","                    typeof document.querySelector('body') === 'object' &&","                    typeof XMLHttpRequest.prototype.open === 'function' &&","                    'browser';","            } catch (errorCaughtBrowser) {","                return module.exports &&","                    typeof process.versions.node === 'string' &&","                    typeof require('http').createServer === 'function' &&","                    'node';","            }","        }());","        // init global","        local.global = local.modeJs === 'browser'","            ? window","            : global;","        // init utility2_rollup","        local = local.global.utility2_rollup || local;","        // init lib","        local.local = local.npmtest_underscore_cli = local;","        // init exports","        if (local.modeJs === 'browser') {","            local.global.utility2_npmtest_underscore_cli = local;","        } else {","            module.exports = local;","            module.exports.__dirname = __dirname;","            module.exports.module = module;","        }","    }());","}());",""],"l":{"12":2,"14":2,"19":2,"21":2,"23":2,"24":2,"25":2,"30":1,"37":2,"41":2,"43":2,"45":2,"46":1,"48":1,"49":1,"50":1}},"/home/travis/build/npmtest/node-npmtest-underscore-cli/example.js":{"path":"/home/travis/build/npmtest/node-npmtest-underscore-cli/example.js","s":{"1":2,"2":2,"3":2,"4":2,"5":2,"6":2,"7":2,"8":1,"9":2,"10":2,"11":2,"12":2,"13":1,"14":2,"15":2,"16":2,"17":2,"18":2,"19":0,"20":2,"21":1,"22":1,"23":1,"24":1,"25":1,"26":0,"27":0,"28":1,"29":1,"30":2,"31":0,"32":0,"33":0,"34":1,"35":2,"36":2,"37":3,"38":3,"39":3,"40":3,"41":0,"42":3,"43":3,"44":3,"45":1,"46":3,"47":1,"48":1,"49":1,"50":1,"51":1,"52":1,"53":1,"54":1,"55":1,"56":1,"57":0,"58":1,"59":6,"60":6,"61":1,"62":2,"63":0,"64":2,"65":1,"66":1,"67":0,"68":0,"69":0,"70":0,"71":0,"72":0,"73":0,"74":0,"75":0,"76":0,"77":0,"78":0,"79":0,"80":0,"81":0,"82":0,"83":0},"b":{"1":[2,1,1,1],"2":[1,1,1,1],"3":[1,1],"4":[2,2],"5":[1,1],"6":[1,1],"7":[2,0],"8":[2,1,1,1,1,1],"9":[0,2,0],"10":[1,1],"11":[2,1,1],"12":[1,0],"13":[0,2],"14":[2,0,0,0,0,0,0],"15":[0,3],"16":[3,0],"17":[1,1],"18":[0,1],"19":[1,2,0,2],"20":[1,0],"21":[1,1],"22":[0,0],"23":[0,0],"24":[0,0],"25":[0,0],"26":[0,0],"27":[0,0],"28":[0,0]},"f":{"1":2,"2":2,"3":2,"4":2,"5":2,"6":2,"7":3,"8":3,"9":3,"10":1,"11":6,"12":0},"fnMap":{"1":{"name":"(anonymous_1)","line":26,"loc":{"start":{"line":26,"column":1},"end":{"line":26,"column":13}}},"2":{"name":"(anonymous_2)","line":33,"loc":{"start":{"line":33,"column":5},"end":{"line":33,"column":17}}},"3":{"name":"(anonymous_3)","line":37,"loc":{"start":{"line":37,"column":24},"end":{"line":37,"column":36}}},"4":{"name":"(anonymous_4)","line":69,"loc":{"start":{"line":69,"column":31},"end":{"line":69,"column":48}},"skip":true},"5":{"name":"(anonymous_5)","line":78,"loc":{"start":{"line":78,"column":26},"end":{"line":78,"column":45}},"skip":true},"6":{"name":"(anonymous_6)","line":123,"loc":{"start":{"line":123,"column":33},"end":{"line":123,"column":48}},"skip":true},"7":{"name":"(anonymous_7)","line":125,"loc":{"start":{"line":125,"column":27},"end":{"line":125,"column":39}},"skip":true},"8":{"name":"(anonymous_8)","line":133,"loc":{"start":{"line":133,"column":59},"end":{"line":133,"column":74}},"skip":true},"9":{"name":"(anonymous_9)","line":143,"loc":{"start":{"line":143,"column":45},"end":{"line":143,"column":62}},"skip":true},"10":{"name":"(anonymous_10)","line":144,"loc":{"start":{"line":144,"column":73},"end":{"line":144,"column":92}},"skip":true},"11":{"name":"(anonymous_11)","line":272,"loc":{"start":{"line":272,"column":51},"end":{"line":272,"column":77}},"skip":true},"12":{"name":"(anonymous_12)","line":315,"loc":{"start":{"line":315,"column":32},"end":{"line":315,"column":61}},"skip":true}},"statementMap":{"1":{"start":{"line":26,"column":0},"end":{"line":326,"column":5}},"2":{"start":{"line":28,"column":4},"end":{"line":28,"column":14}},"3":{"start":{"line":33,"column":4},"end":{"line":60,"column":9}},"4":{"start":{"line":35,"column":8},"end":{"line":35,"column":19}},"5":{"start":{"line":37,"column":8},"end":{"line":49,"column":13}},"6":{"start":{"line":38,"column":12},"end":{"line":48,"column":13}},"7":{"start":{"line":39,"column":16},"end":{"line":42,"column":30}},"8":{"start":{"line":44,"column":16},"end":{"line":47,"column":27}},"9":{"start":{"line":51,"column":8},"end":{"line":53,"column":21}},"10":{"start":{"line":55,"column":8},"end":{"line":57,"column":45}},"11":{"start":{"line":59,"column":8},"end":{"line":59,"column":35}},"12":{"start":{"line":61,"column":4},"end":{"line":325,"column":5}},"13":{"start":{"line":69,"column":8},"end":{"line":121,"column":10},"skip":true},"14":{"start":{"line":70,"column":12},"end":{"line":88,"column":13},"skip":true},"15":{"start":{"line":76,"column":16},"end":{"line":87,"column":19},"skip":true},"16":{"start":{"line":79,"column":20},"end":{"line":86,"column":21},"skip":true},"17":{"start":{"line":82,"column":24},"end":{"line":82,"column":43},"skip":true},"18":{"start":{"line":83,"column":24},"end":{"line":83,"column":30},"skip":true},"19":{"start":{"line":85,"column":24},"end":{"line":85,"column":49},"skip":true},"20":{"start":{"line":89,"column":12},"end":{"line":107,"column":13},"skip":true},"21":{"start":{"line":92,"column":16},"end":{"line":102,"column":17},"skip":true},"22":{"start":{"line":93,"column":20},"end":{"line":93,"column":86},"skip":true},"23":{"start":{"line":94,"column":20},"end":{"line":95,"column":45},"skip":true},"24":{"start":{"line":96,"column":20},"end":{"line":96,"column":42},"skip":true},"25":{"start":{"line":97,"column":20},"end":{"line":97,"column":48},"skip":true},"26":{"start":{"line":100,"column":20},"end":{"line":100,"column":85},"skip":true},"27":{"start":{"line":101,"column":20},"end":{"line":101,"column":96},"skip":true},"28":{"start":{"line":103,"column":16},"end":{"line":103,"column":22},"skip":true},"29":{"start":{"line":106,"column":16},"end":{"line":106,"column":22},"skip":true},"30":{"start":{"line":108,"column":12},"end":{"line":120,"column":13},"skip":true},"31":{"start":{"line":114,"column":16},"end":{"line":119,"column":17},"skip":true},"32":{"start":{"line":116,"column":20},"end":{"line":116,"column":78},"skip":true},"33":{"start":{"line":118,"column":20},"end":{"line":118,"column":47},"skip":true},"34":{"start":{"line":123,"column":8},"end":{"line":141,"column":11},"skip":true},"35":{"start":{"line":124,"column":12},"end":{"line":124,"column":54},"skip":true},"36":{"start":{"line":125,"column":12},"end":{"line":140,"column":14},"skip":true},"37":{"start":{"line":126,"column":16},"end":{"line":126,"column":28},"skip":true},"38":{"start":{"line":127,"column":16},"end":{"line":127,"column":69},"skip":true},"39":{"start":{"line":128,"column":16},"end":{"line":128,"column":75},"skip":true},"40":{"start":{"line":129,"column":16},"end":{"line":131,"column":17},"skip":true},"41":{"start":{"line":130,"column":20},"end":{"line":130,"column":27},"skip":true},"42":{"start":{"line":133,"column":16},"end":{"line":137,"column":36},"skip":true},"43":{"start":{"line":134,"column":20},"end":{"line":136,"column":55},"skip":true},"44":{"start":{"line":139,"column":16},"end":{"line":139,"column":57},"skip":true},"45":{"start":{"line":143,"column":8},"end":{"line":147,"column":11},"skip":true},"46":{"start":{"line":144,"column":12},"end":{"line":146,"column":15},"skip":true},"47":{"start":{"line":145,"column":16},"end":{"line":145,"column":70},"skip":true},"48":{"start":{"line":149,"column":8},"end":{"line":149,"column":31},"skip":true},"49":{"start":{"line":150,"column":8},"end":{"line":150,"column":14},"skip":true},"50":{"start":{"line":158,"column":8},"end":{"line":158,"column":31},"skip":true},"51":{"start":{"line":160,"column":8},"end":{"line":160,"column":33},"skip":true},"52":{"start":{"line":161,"column":8},"end":{"line":161,"column":37},"skip":true},"53":{"start":{"line":162,"column":8},"end":{"line":162,"column":35},"skip":true},"54":{"start":{"line":164,"column":8},"end":{"line":164,"column":50},"skip":true},"55":{"start":{"line":166,"column":8},"end":{"line":256,"column":2},"skip":true},"56":{"start":{"line":258,"column":8},"end":{"line":286,"column":9},"skip":true},"57":{"start":{"line":259,"column":12},"end":{"line":269,"column":14},"skip":true},"58":{"start":{"line":271,"column":12},"end":{"line":285,"column":19},"skip":true},"59":{"start":{"line":274,"column":20},"end":{"line":274,"column":35},"skip":true},"60":{"start":{"line":275,"column":20},"end":{"line":284,"column":21},"skip":true},"61":{"start":{"line":277,"column":24},"end":{"line":277,"column":64},"skip":true},"62":{"start":{"line":279,"column":24},"end":{"line":279,"column":40},"skip":true},"63":{"start":{"line":281,"column":24},"end":{"line":281,"column":40},"skip":true},"64":{"start":{"line":283,"column":24},"end":{"line":283,"column":39},"skip":true},"65":{"start":{"line":288,"column":8},"end":{"line":290,"column":9},"skip":true},"66":{"start":{"line":289,"column":12},"end":{"line":289,"column":18},"skip":true},"67":{"start":{"line":291,"column":8},"end":{"line":293,"column":54},"skip":true},"68":{"start":{"line":296,"column":8},"end":{"line":301,"column":37},"skip":true},"69":{"start":{"line":303,"column":8},"end":{"line":303,"column":82},"skip":true},"70":{"start":{"line":306,"column":8},"end":{"line":308,"column":9},"skip":true},"71":{"start":{"line":307,"column":12},"end":{"line":307,"column":82},"skip":true},"72":{"start":{"line":310,"column":8},"end":{"line":312,"column":9},"skip":true},"73":{"start":{"line":311,"column":12},"end":{"line":311,"column":18},"skip":true},"74":{"start":{"line":313,"column":8},"end":{"line":313,"column":54},"skip":true},"75":{"start":{"line":314,"column":8},"end":{"line":314,"column":69},"skip":true},"76":{"start":{"line":315,"column":8},"end":{"line":323,"column":36},"skip":true},"77":{"start":{"line":316,"column":12},"end":{"line":316,"column":61},"skip":true},"78":{"start":{"line":317,"column":12},"end":{"line":320,"column":13},"skip":true},"79":{"start":{"line":318,"column":16},"end":{"line":318,"column":75},"skip":true},"80":{"start":{"line":319,"column":16},"end":{"line":319,"column":23},"skip":true},"81":{"start":{"line":321,"column":12},"end":{"line":321,"column":38},"skip":true},"82":{"start":{"line":322,"column":12},"end":{"line":322,"column":27},"skip":true},"83":{"start":{"line":324,"column":8},"end":{"line":324,"column":14},"skip":true}},"branchMap":{"1":{"line":39,"type":"binary-expr","locations":[{"start":{"line":39,"column":23},"end":{"line":39,"column":62}},{"start":{"line":40,"column":20},"end":{"line":40,"column":70}},{"start":{"line":41,"column":20},"end":{"line":41,"column":71}},{"start":{"line":42,"column":20},"end":{"line":42,"column":29}}]},"2":{"line":44,"type":"binary-expr","locations":[{"start":{"line":44,"column":23},"end":{"line":44,"column":37}},{"start":{"line":45,"column":20},"end":{"line":45,"column":61}},{"start":{"line":46,"column":20},"end":{"line":46,"column":70}},{"start":{"line":47,"column":20},"end":{"line":47,"column":26}}]},"3":{"line":51,"type":"cond-expr","locations":[{"start":{"line":52,"column":14},"end":{"line":52,"column":20}},{"start":{"line":53,"column":14},"end":{"line":53,"column":20}}]},"4":{"line":55,"type":"binary-expr","locations":[{"start":{"line":55,"column":16},"end":{"line":55,"column":44}},{"start":{"line":55,"column":49},"end":{"line":57,"column":43}}]},"5":{"line":55,"type":"cond-expr","locations":[{"start":{"line":56,"column":14},"end":{"line":56,"column":58}},{"start":{"line":57,"column":14},"end":{"line":57,"column":43}}]},"6":{"line":61,"type":"switch","locations":[{"start":{"line":68,"column":4},"end":{"line":150,"column":14},"skip":true},{"start":{"line":156,"column":4},"end":{"line":324,"column":14},"skip":true}]},"7":{"line":70,"type":"if","locations":[{"start":{"line":70,"column":12},"end":{"line":70,"column":12},"skip":true},{"start":{"line":70,"column":12},"end":{"line":70,"column":12},"skip":true}]},"8":{"line":70,"type":"binary-expr","locations":[{"start":{"line":70,"column":16},"end":{"line":70,"column":22},"skip":true},{"start":{"line":70,"column":27},"end":{"line":70,"column":32},"skip":true},{"start":{"line":71,"column":20},"end":{"line":71,"column":39},"skip":true},{"start":{"line":72,"column":20},"end":{"line":72,"column":49},"skip":true},{"start":{"line":73,"column":20},"end":{"line":73,"column":58},"skip":true},{"start":{"line":74,"column":20},"end":{"line":74,"column":69},"skip":true}]},"9":{"line":79,"type":"switch","locations":[{"start":{"line":80,"column":20},"end":{"line":80,"column":33},"skip":true},{"start":{"line":81,"column":20},"end":{"line":83,"column":30},"skip":true},{"start":{"line":84,"column":20},"end":{"line":85,"column":49},"skip":true}]},"10":{"line":89,"type":"switch","locations":[{"start":{"line":90,"column":12},"end":{"line":103,"column":22},"skip":true},{"start":{"line":105,"column":12},"end":{"line":106,"column":22},"skip":true}]},"11":{"line":89,"type":"binary-expr","locations":[{"start":{"line":89,"column":20},"end":{"line":89,"column":25},"skip":true},{"start":{"line":89,"column":29},"end":{"line":89,"column":48},"skip":true},{"start":{"line":89,"column":52},"end":{"line":89,"column":74},"skip":true}]},"12":{"line":92,"type":"if","locations":[{"start":{"line":92,"column":16},"end":{"line":92,"column":16},"skip":true},{"start":{"line":92,"column":16},"end":{"line":92,"column":16},"skip":true}]},"13":{"line":108,"type":"if","locations":[{"start":{"line":108,"column":12},"end":{"line":108,"column":12},"skip":true},{"start":{"line":108,"column":12},"end":{"line":108,"column":12},"skip":true}]},"14":{"line":108,"type":"binary-expr","locations":[{"start":{"line":108,"column":16},"end":{"line":108,"column":61},"skip":true},{"start":{"line":108,"column":66},"end":{"line":108,"column":72},"skip":true},{"start":{"line":108,"column":77},"end":{"line":108,"column":82},"skip":true},{"start":{"line":109,"column":20},"end":{"line":109,"column":39},"skip":true},{"start":{"line":110,"column":20},"end":{"line":110,"column":49},"skip":true},{"start":{"line":111,"column":20},"end":{"line":111,"column":58},"skip":true},{"start":{"line":112,"column":20},"end":{"line":112,"column":68},"skip":true}]},"15":{"line":129,"type":"if","locations":[{"start":{"line":129,"column":16},"end":{"line":129,"column":16},"skip":true},{"start":{"line":129,"column":16},"end":{"line":129,"column":16},"skip":true}]},"16":{"line":134,"type":"cond-expr","locations":[{"start":{"line":135,"column":26},"end":{"line":135,"column":29},"skip":true},{"start":{"line":136,"column":26},"end":{"line":136,"column":54},"skip":true}]},"17":{"line":164,"type":"binary-expr","locations":[{"start":{"line":164,"column":27},"end":{"line":164,"column":43},"skip":true},{"start":{"line":164,"column":47},"end":{"line":164,"column":49},"skip":true}]},"18":{"line":258,"type":"if","locations":[{"start":{"line":258,"column":8},"end":{"line":258,"column":8},"skip":true},{"start":{"line":258,"column":8},"end":{"line":258,"column":8},"skip":true}]},"19":{"line":275,"type":"switch","locations":[{"start":{"line":276,"column":20},"end":{"line":277,"column":64},"skip":true},{"start":{"line":278,"column":20},"end":{"line":279,"column":40},"skip":true},{"start":{"line":280,"column":20},"end":{"line":281,"column":40},"skip":true},{"start":{"line":282,"column":20},"end":{"line":283,"column":39},"skip":true}]},"20":{"line":288,"type":"if","locations":[{"start":{"line":288,"column":8},"end":{"line":288,"column":8},"skip":true},{"start":{"line":288,"column":8},"end":{"line":288,"column":8},"skip":true}]},"21":{"line":288,"type":"binary-expr","locations":[{"start":{"line":288,"column":12},"end":{"line":288,"column":40},"skip":true},{"start":{"line":288,"column":44},"end":{"line":288,"column":67},"skip":true}]},"22":{"line":292,"type":"binary-expr","locations":[{"start":{"line":292,"column":12},"end":{"line":292,"column":50},"skip":true},{"start":{"line":293,"column":12},"end":{"line":293,"column":53},"skip":true}]},"23":{"line":297,"type":"binary-expr","locations":[{"start":{"line":297,"column":12},"end":{"line":297,"column":72},"skip":true},{"start":{"line":298,"column":12},"end":{"line":301,"column":36},"skip":true}]},"24":{"line":303,"type":"binary-expr","locations":[{"start":{"line":303,"column":43},"end":{"line":303,"column":75},"skip":true},{"start":{"line":303,"column":79},"end":{"line":303,"column":81},"skip":true}]},"25":{"line":306,"type":"if","locations":[{"start":{"line":306,"column":8},"end":{"line":306,"column":8},"skip":true},{"start":{"line":306,"column":8},"end":{"line":306,"column":8},"skip":true}]},"26":{"line":310,"type":"if","locations":[{"start":{"line":310,"column":8},"end":{"line":310,"column":8},"skip":true},{"start":{"line":310,"column":8},"end":{"line":310,"column":8},"skip":true}]},"27":{"line":313,"type":"binary-expr","locations":[{"start":{"line":313,"column":27},"end":{"line":313,"column":43},"skip":true},{"start":{"line":313,"column":47},"end":{"line":313,"column":53},"skip":true}]},"28":{"line":317,"type":"if","locations":[{"start":{"line":317,"column":12},"end":{"line":317,"column":12},"skip":true},{"start":{"line":317,"column":12},"end":{"line":317,"column":12},"skip":true}]}},"code":["/*","example.js","","quickstart example","","instruction","    1. save this script as example.js","    2. run the shell command:","        $ npm install npmtest-underscore-cli && PORT=8081 node example.js","    3. play with the browser-demo on http://127.0.0.1:8081","*/","","","","/* istanbul instrument in package npmtest_underscore_cli */","/*jslint","    bitwise: true,","    browser: true,","    maxerr: 8,","    maxlen: 96,","    node: true,","    nomen: true,","    regexp: true,","    stupid: true","*/","(function () {","    'use strict';","    var local;","","","","    // run shared js-env code - init-before","    (function () {","        // init local","        local = {};","        // init modeJs","        local.modeJs = (function () {","            try {","                return typeof navigator.userAgent === 'string' &&","                    typeof document.querySelector('body') === 'object' &&","                    typeof XMLHttpRequest.prototype.open === 'function' &&","                    'browser';","            } catch (errorCaughtBrowser) {","                return module.exports &&","                    typeof process.versions.node === 'string' &&","                    typeof require('http').createServer === 'function' &&","                    'node';","            }","        }());","        // init global","        local.global = local.modeJs === 'browser'","            ? window","            : global;","        // init utility2_rollup","        local = local.global.utility2_rollup || (local.modeJs === 'browser'","            ? local.global.utility2_npmtest_underscore_cli","            : global.utility2_moduleExports);","        // export local","        local.global.local = local;","    }());","    switch (local.modeJs) {","","","","    // init-after","    // run browser js-env code - init-after","    /* istanbul ignore next */","    case 'browser':","        local.testRunBrowser = function (event) {","            if (!event || (event &&","                    event.currentTarget &&","                    event.currentTarget.className &&","                    event.currentTarget.className.includes &&","                    event.currentTarget.className.includes('onreset'))) {","                // reset output","                Array.from(","                    document.querySelectorAll('body > .resettable')","                ).forEach(function (element) {","                    switch (element.tagName) {","                    case 'INPUT':","                    case 'TEXTAREA':","                        element.value = '';","                        break;","                    default:","                        element.textContent = '';","                    }","                });","            }","            switch (event && event.currentTarget && event.currentTarget.id) {","            case 'testRunButton1':","                // show tests","                if (document.querySelector('#testReportDiv1').style.display === 'none') {","                    document.querySelector('#testReportDiv1').style.display = 'block';","                    document.querySelector('#testRunButton1').textContent =","                        'hide internal test';","                    local.modeTest = true;","                    local.testRunDefault(local);","                // hide tests","                } else {","                    document.querySelector('#testReportDiv1').style.display = 'none';","                    document.querySelector('#testRunButton1').textContent = 'run internal test';","                }","                break;","            // custom-case","            default:","                break;","            }","            if (document.querySelector('#inputTextareaEval1') && (!event || (event &&","                    event.currentTarget &&","                    event.currentTarget.className &&","                    event.currentTarget.className.includes &&","                    event.currentTarget.className.includes('oneval')))) {","                // try to eval input-code","                try {","                    /*jslint evil: true*/","                    eval(document.querySelector('#inputTextareaEval1').value);","                } catch (errorCaught) {","                    console.error(errorCaught);","                }","            }","        };","        // log stderr and stdout to #outputTextareaStdout1","        ['error', 'log'].forEach(function (key) {","            console[key + '_original'] = console[key];","            console[key] = function () {","                var element;","                console[key + '_original'].apply(console, arguments);","                element = document.querySelector('#outputTextareaStdout1');","                if (!element) {","                    return;","                }","                // append text to #outputTextareaStdout1","                element.value += Array.from(arguments).map(function (arg) {","                    return typeof arg === 'string'","                        ? arg","                        : JSON.stringify(arg, null, 4);","                }).join(' ') + '\\n';","                // scroll textarea to bottom","                element.scrollTop = element.scrollHeight;","            };","        });","        // init event-handling","        ['change', 'click', 'keyup'].forEach(function (event) {","            Array.from(document.querySelectorAll('.on' + event)).forEach(function (element) {","                element.addEventListener(event, local.testRunBrowser);","            });","        });","        // run tests","        local.testRunBrowser();","        break;","","","","    // run node js-env code - init-after","    /* istanbul ignore next */","    case 'node':","        // export local","        module.exports = local;","        // require modules","        local.fs = require('fs');","        local.http = require('http');","        local.url = require('url');","        // init assets","        local.assetsDict = local.assetsDict || {};","        /* jslint-ignore-begin */","        local.assetsDict['/assets.index.template.html'] = '\\","<!doctype html>\\n\\","<html lang=\"en\">\\n\\","<head>\\n\\","<meta charset=\"UTF-8\">\\n\\","<meta name=\"viewport\" content=\"width=device-width, initial-scale=1\">\\n\\","<title>{{env.npm_package_name}} (v{{env.npm_package_version}})</title>\\n\\","<style>\\n\\","/*csslint\\n\\","    box-sizing: false,\\n\\","    universal-selector: false\\n\\","*/\\n\\","* {\\n\\","    box-sizing: border-box;\\n\\","}\\n\\","body {\\n\\","    background: #dde;\\n\\","    font-family: Arial, Helvetica, sans-serif;\\n\\","    margin: 2rem;\\n\\","}\\n\\","body > * {\\n\\","    margin-bottom: 1rem;\\n\\","}\\n\\",".utility2FooterDiv {\\n\\","    margin-top: 20px;\\n\\","    text-align: center;\\n\\","}\\n\\","</style>\\n\\","<style>\\n\\","/*csslint\\n\\","*/\\n\\","textarea {\\n\\","    font-family: monospace;\\n\\","    height: 10rem;\\n\\","    width: 100%;\\n\\","}\\n\\","textarea[readonly] {\\n\\","    background: #ddd;\\n\\","}\\n\\","</style>\\n\\","</head>\\n\\","<body>\\n\\","<!-- utility2-comment\\n\\","<div id=\"ajaxProgressDiv1\" style=\"background: #d00; height: 2px; left: 0; margin: 0; padding: 0; position: fixed; top: 0; transition: background 0.5s, width 1.5s; width: 25%;\"></div>\\n\\","utility2-comment -->\\n\\","<h1>\\n\\","<!-- utility2-comment\\n\\","    <a\\n\\","        {{#if env.npm_package_homepage}}\\n\\","        href=\"{{env.npm_package_homepage}}\"\\n\\","        {{/if env.npm_package_homepage}}\\n\\","        target=\"_blank\"\\n\\","    >\\n\\","utility2-comment -->\\n\\","        {{env.npm_package_name}} (v{{env.npm_package_version}})\\n\\","<!-- utility2-comment\\n\\","    </a>\\n\\","utility2-comment -->\\n\\","</h1>\\n\\","<h3>{{env.npm_package_description}}</h3>\\n\\","<!-- utility2-comment\\n\\","<h4><a download href=\"assets.app.js\">download standalone app</a></h4>\\n\\","<button class=\"onclick onreset\" id=\"testRunButton1\">run internal test</button><br>\\n\\","<div id=\"testReportDiv1\" style=\"display: none;\"></div>\\n\\","utility2-comment -->\\n\\","\\n\\","\\n\\","\\n\\","<label>stderr and stdout</label>\\n\\","<textarea class=\"resettable\" id=\"outputTextareaStdout1\" readonly></textarea>\\n\\","<!-- utility2-comment\\n\\","{{#if isRollup}}\\n\\","<script src=\"assets.app.js\"></script>\\n\\","{{#unless isRollup}}\\n\\","utility2-comment -->\\n\\","<script src=\"assets.utility2.rollup.js\"></script>\\n\\","<script src=\"jsonp.utility2._stateInit?callback=window.utility2._stateInit\"></script>\\n\\","<script src=\"assets.npmtest_underscore_cli.rollup.js\"></script>\\n\\","<script src=\"assets.example.js\"></script>\\n\\","<script src=\"assets.test.js\"></script>\\n\\","<!-- utility2-comment\\n\\","{{/if isRollup}}\\n\\","utility2-comment -->\\n\\","<div class=\"utility2FooterDiv\">\\n\\","    [ this app was created with\\n\\","    <a href=\"https://github.com/kaizhu256/node-utility2\" target=\"_blank\">utility2</a>\\n\\","    ]\\n\\","</div>\\n\\","</body>\\n\\","</html>\\n\\","';","        /* jslint-ignore-end */","        if (local.templateRender) {","            local.assetsDict['/'] = local.templateRender(","                local.assetsDict['/assets.index.template.html'],","                {","                    env: local.objectSetDefault(local.env, {","                        npm_package_description: 'the greatest app in the world!',","                        npm_package_name: 'my-app',","                        npm_package_nameAlias: 'my_app',","                        npm_package_version: '0.0.1'","                    })","                }","            );","        } else {","            local.assetsDict['/'] = local.assetsDict['/assets.index.template.html']","                .replace((/\\{\\{env\\.(\\w+?)\\}\\}/g), function (match0, match1) {","                    // jslint-hack","                    String(match0);","                    switch (match1) {","                    case 'npm_package_description':","                        return 'the greatest app in the world!';","                    case 'npm_package_name':","                        return 'my-app';","                    case 'npm_package_nameAlias':","                        return 'my_app';","                    case 'npm_package_version':","                        return '0.0.1';","                    }","                });","        }","        // run the cli","        if (local.global.utility2_rollup || module !== require.main) {","            break;","        }","        local.assetsDict['/assets.example.js'] =","            local.assetsDict['/assets.example.js'] ||","            local.fs.readFileSync(__filename, 'utf8');","        // bug-workaround - long $npm_package_buildCustomOrg","        /* jslint-ignore-begin */","        local.assetsDict['/assets.npmtest_underscore_cli.rollup.js'] =","            local.assetsDict['/assets.npmtest_underscore_cli.rollup.js'] ||","            local.fs.readFileSync(","                local.npmtest_underscore_cli.__dirname + '/lib.npmtest_underscore_cli.js',","                'utf8'","            ).replace((/^#!/), '//');","        /* jslint-ignore-end */","        local.assetsDict['/favicon.ico'] = local.assetsDict['/favicon.ico'] || '';","        // if $npm_config_timeout_exit exists,","        // then exit this process after $npm_config_timeout_exit ms","        if (Number(process.env.npm_config_timeout_exit)) {","            setTimeout(process.exit, Number(process.env.npm_config_timeout_exit));","        }","        // start server","        if (local.global.utility2_serverHttp1) {","            break;","        }","        process.env.PORT = process.env.PORT || '8081';","        console.error('server starting on port ' + process.env.PORT);","        local.http.createServer(function (request, response) {","            request.urlParsed = local.url.parse(request.url);","            if (local.assetsDict[request.urlParsed.pathname] !== undefined) {","                response.end(local.assetsDict[request.urlParsed.pathname]);","                return;","            }","            response.statusCode = 404;","            response.end();","        }).listen(process.env.PORT);","        break;","    }","}());",""],"l":{"26":2,"28":2,"33":2,"35":2,"37":2,"38":2,"39":2,"44":1,"51":2,"55":2,"59":2,"61":2,"69":1,"70":2,"76":2,"79":2,"82":2,"83":2,"85":1,"89":2,"92":1,"93":1,"94":1,"96":1,"97":1,"100":1,"101":1,"103":1,"106":1,"108":2,"114":1,"116":1,"118":1,"123":1,"124":2,"125":2,"126":3,"127":3,"128":3,"129":3,"130":1,"133":3,"134":3,"139":3,"143":1,"144":3,"145":1,"149":1,"150":1,"158":1,"160":1,"161":1,"162":1,"164":1,"166":1,"258":1,"259":1,"271":1,"274":6,"275":6,"277":1,"279":2,"281":1,"283":2,"288":1,"289":1,"291":1,"296":1,"303":1,"306":1,"307":1,"310":1,"311":1,"313":1,"314":1,"315":1,"316":1,"317":1,"318":1,"319":1,"321":1,"322":1,"324":1}},"/home/travis/build/npmtest/node-npmtest-underscore-cli/node_modules/underscore-cli/index.js":{"path":"/home/travis/build/npmtest/node-npmtest-underscore-cli/node_modules/underscore-cli/index.js","s":{},"b":{},"f":{},"fnMap":{},"statementMap":{},"branchMap":{},"code":[""]},"/home/travis/build/npmtest/node-npmtest-underscore-cli/node_modules/underscore-cli/lib/formatter.js":{"path":"/home/travis/build/npmtest/node-npmtest-underscore-cli/node_modules/underscore-cli/lib/formatter.js","s":{"1":1,"2":1,"3":1,"4":1,"5":1,"6":1,"7":1,"8":1,"9":1,"10":0,"11":1,"12":0,"13":0,"14":0,"15":1,"16":0,"17":1,"18":1,"19":1,"20":0,"21":1,"22":0,"23":0,"24":0,"25":0,"26":0,"27":0,"28":0,"29":0,"30":0,"31":0,"32":0,"33":1,"34":0,"35":0,"36":0,"37":0,"38":0,"39":0,"40":0,"41":0,"42":0,"43":0,"44":0,"45":0,"46":1,"47":0,"48":1,"49":0,"50":0,"51":0,"52":0,"53":0,"54":0,"55":0,"56":0,"57":0,"58":0,"59":0,"60":0,"61":0,"62":0,"63":1,"64":0,"65":0,"66":0,"67":0,"68":0,"69":0,"70":0,"71":0,"72":0,"73":0,"74":0,"75":0,"76":0,"77":0,"78":0,"79":0,"80":0,"81":0,"82":0,"83":0,"84":0,"85":0,"86":0,"87":0,"88":0,"89":0,"90":0,"91":0,"92":0,"93":0,"94":0,"95":0,"96":0,"97":0,"98":0,"99":0,"100":0,"101":0,"102":0,"103":0,"104":0,"105":0,"106":0,"107":0,"108":0,"109":1,"110":1,"111":0,"112":1,"113":0,"114":0,"115":1,"116":0,"117":0,"118":0,"119":0,"120":0,"121":0,"122":0,"123":0,"124":0,"125":0,"126":0,"127":0,"128":0,"129":0,"130":0,"131":0,"132":0,"133":0,"134":0,"135":1,"136":0,"137":0,"138":0,"139":0,"140":0,"141":0,"142":0,"143":0,"144":0,"145":0,"146":1,"147":0,"148":0,"149":0,"150":0,"151":0,"152":0,"153":0,"154":0,"155":0,"156":0,"157":0,"158":0,"159":0,"160":0,"161":0,"162":0,"163":0,"164":0,"165":0,"166":0,"167":1,"168":0,"169":0,"170":0,"171":0,"172":0,"173":0,"174":0,"175":0,"176":0,"177":0,"178":0,"179":0,"180":0,"181":0,"182":0,"183":0,"184":0,"185":0,"186":0,"187":0,"188":0,"189":0,"190":0,"191":0,"192":0,"193":1,"194":0,"195":0,"196":0,"197":0,"198":0,"199":0,"200":0,"201":1,"202":3,"203":3,"204":3,"205":3,"206":3,"207":3,"208":3,"209":3,"210":3,"211":3,"212":3,"213":3,"214":3,"215":3,"216":3,"217":3,"218":0,"219":0,"220":3,"221":3,"222":3,"223":3,"224":1,"225":1,"226":2,"227":0,"228":2},"b":{"1":[0,0],"2":[0,0],"3":[0,0],"4":[0,0],"5":[0,0],"6":[0,0],"7":[0,0],"8":[0,0,0,0,0,0,0,0],"9":[0,0],"10":[0,0,0,0,0],"11":[0,0],"12":[0,0,0,0],"13":[0,0,0,0],"14":[0,0],"15":[0,0],"16":[0,0],"17":[0,0],"18":[0,0],"19":[0,0,0,0],"20":[0,0],"21":[0,0],"22":[0,0],"23":[0,0],"24":[0,0],"25":[0,0],"26":[0,0],"27":[0,0],"28":[0,0],"29":[0,0],"30":[0,0],"31":[0,0],"32":[0,0],"33":[0,0],"34":[0,0],"35":[0,0],"36":[0,0],"37":[0,0],"38":[0,0],"39":[0,0],"40":[0,0],"41":[0,0],"42":[0,0],"43":[0,0],"44":[0,0],"45":[0,0],"46":[0,0],"47":[0,0],"48":[0,0],"49":[0,0],"50":[0,0],"51":[0,0],"52":[0,0],"53":[0,0],"54":[0,0],"55":[0,0],"56":[0,0],"57":[0,0],"58":[0,0],"59":[1,2],"60":[0,1],"61":[0,3],"62":[0,2]},"f":{"1":0,"2":0,"3":0,"4":0,"5":0,"6":0,"7":0,"8":0,"9":0,"10":0,"11":0,"12":0,"13":0,"14":0,"15":0,"16":0,"17":0,"18":0,"19":0,"20":0,"21":0,"22":3,"23":0,"24":2},"fnMap":{"1":{"name":"isError","line":10,"loc":{"start":{"line":10,"column":0},"end":{"line":10,"column":20}}},"2":{"name":"singleQuoteString","line":14,"loc":{"start":{"line":14,"column":0},"end":{"line":14,"column":33}}},"3":{"name":"doubleQuoteString","line":22,"loc":{"start":{"line":22,"column":0},"end":{"line":22,"column":33}}},"4":{"name":"uncolor","line":60,"loc":{"start":{"line":60,"column":0},"end":{"line":60,"column":22}}},"5":{"name":"stylizeWithColor","line":64,"loc":{"start":{"line":64,"column":0},"end":{"line":64,"column":42}}},"6":{"name":"stylizeWithHtml","line":82,"loc":{"start":{"line":82,"column":0},"end":{"line":82,"column":41}}},"7":{"name":"stylizeNoColor","line":102,"loc":{"start":{"line":102,"column":0},"end":{"line":102,"column":40}}},"8":{"name":"getTypeOf","line":106,"loc":{"start":{"line":106,"column":0},"end":{"line":106,"column":26}}},"9":{"name":"formatValue","line":138,"loc":{"start":{"line":138,"column":0},"end":{"line":138,"column":33}}},"10":{"name":"ISO8601","line":196,"loc":{"start":{"line":196,"column":0},"end":{"line":196,"column":20}}},"11":{"name":"f2","line":197,"loc":{"start":{"line":197,"column":2},"end":{"line":197,"column":17}}},"12":{"name":"f3","line":201,"loc":{"start":{"line":201,"column":2},"end":{"line":201,"column":17}}},"13":{"name":"joinCollection","line":216,"loc":{"start":{"line":216,"column":0},"end":{"line":216,"column":60}}},"14":{"name":"formatArray","line":245,"loc":{"start":{"line":245,"column":0},"end":{"line":245,"column":33}}},"15":{"name":"formatObject","line":269,"loc":{"start":{"line":269,"column":0},"end":{"line":269,"column":40}}},"16":{"name":"(anonymous_16)","line":273,"loc":{"start":{"line":273,"column":31},"end":{"line":273,"column":45}}},"17":{"name":"(anonymous_17)","line":282,"loc":{"start":{"line":282,"column":20},"end":{"line":282,"column":34}}},"18":{"name":"(anonymous_18)","line":286,"loc":{"start":{"line":286,"column":16},"end":{"line":286,"column":31}}},"19":{"name":"(anonymous_19)","line":294,"loc":{"start":{"line":294,"column":28},"end":{"line":294,"column":41}}},"20":{"name":"formatProperty","line":305,"loc":{"start":{"line":305,"column":0},"end":{"line":305,"column":64}}},"21":{"name":"formatKey","line":347,"loc":{"start":{"line":347,"column":0},"end":{"line":347,"column":40}}},"22":{"name":"Formatter","line":359,"loc":{"start":{"line":359,"column":0},"end":{"line":359,"column":28}}},"23":{"name":"(anonymous_23)","line":382,"loc":{"start":{"line":382,"column":18},"end":{"line":382,"column":35}}},"24":{"name":"withConfig","line":408,"loc":{"start":{"line":408,"column":0},"end":{"line":408,"column":28}}}},"statementMap":{"1":{"start":{"line":1,"column":0},"end":{"line":1,"column":32}},"2":{"start":{"line":2,"column":0},"end":{"line":2,"column":24}},"3":{"start":{"line":3,"column":0},"end":{"line":3,"column":22}},"4":{"start":{"line":4,"column":0},"end":{"line":4,"column":26}},"5":{"start":{"line":5,"column":0},"end":{"line":5,"column":26}},"6":{"start":{"line":6,"column":0},"end":{"line":6,"column":26}},"7":{"start":{"line":7,"column":0},"end":{"line":7,"column":28}},"8":{"start":{"line":8,"column":0},"end":{"line":8,"column":41}},"9":{"start":{"line":10,"column":0},"end":{"line":12,"column":1}},"10":{"start":{"line":11,"column":2},"end":{"line":11,"column":89}},"11":{"start":{"line":14,"column":0},"end":{"line":20,"column":1}},"12":{"start":{"line":15,"column":2},"end":{"line":15,"column":28}},"13":{"start":{"line":16,"column":2},"end":{"line":18,"column":26}},"14":{"start":{"line":19,"column":2},"end":{"line":19,"column":25}},"15":{"start":{"line":22,"column":0},"end":{"line":24,"column":1}},"16":{"start":{"line":23,"column":2},"end":{"line":23,"column":29}},"17":{"start":{"line":27,"column":0},"end":{"line":42,"column":2}},"18":{"start":{"line":45,"column":0},"end":{"line":58,"column":2}},"19":{"start":{"line":60,"column":0},"end":{"line":62,"column":1}},"20":{"start":{"line":61,"column":2},"end":{"line":61,"column":42}},"21":{"start":{"line":64,"column":0},"end":{"line":80,"column":1}},"22":{"start":{"line":65,"column":2},"end":{"line":67,"column":3}},"23":{"start":{"line":66,"column":4},"end":{"line":66,"column":16}},"24":{"start":{"line":68,"column":2},"end":{"line":68,"column":32}},"25":{"start":{"line":70,"column":2},"end":{"line":79,"column":3}},"26":{"start":{"line":71,"column":4},"end":{"line":71,"column":23}},"27":{"start":{"line":72,"column":4},"end":{"line":72,"column":33}},"28":{"start":{"line":73,"column":4},"end":{"line":73,"column":88}},"29":{"start":{"line":74,"column":4},"end":{"line":74,"column":26}},"30":{"start":{"line":75,"column":4},"end":{"line":75,"column":34}},"31":{"start":{"line":76,"column":4},"end":{"line":76,"column":15}},"32":{"start":{"line":78,"column":4},"end":{"line":78,"column":15}},"33":{"start":{"line":82,"column":0},"end":{"line":99,"column":1}},"34":{"start":{"line":83,"column":2},"end":{"line":85,"column":3}},"35":{"start":{"line":84,"column":4},"end":{"line":84,"column":16}},"36":{"start":{"line":86,"column":2},"end":{"line":86,"column":32}},"37":{"start":{"line":88,"column":2},"end":{"line":88,"column":79}},"38":{"start":{"line":89,"column":2},"end":{"line":98,"column":3}},"39":{"start":{"line":90,"column":4},"end":{"line":90,"column":23}},"40":{"start":{"line":91,"column":4},"end":{"line":91,"column":33}},"41":{"start":{"line":92,"column":4},"end":{"line":92,"column":69}},"42":{"start":{"line":93,"column":4},"end":{"line":93,"column":26}},"43":{"start":{"line":94,"column":4},"end":{"line":94,"column":34}},"44":{"start":{"line":95,"column":4},"end":{"line":95,"column":15}},"45":{"start":{"line":97,"column":4},"end":{"line":97,"column":15}},"46":{"start":{"line":102,"column":0},"end":{"line":104,"column":1}},"47":{"start":{"line":103,"column":2},"end":{"line":103,"column":13}},"48":{"start":{"line":106,"column":0},"end":{"line":136,"column":1}},"49":{"start":{"line":108,"column":2},"end":{"line":108,"column":34}},"50":{"start":{"line":110,"column":2},"end":{"line":133,"column":3}},"51":{"start":{"line":111,"column":4},"end":{"line":113,"column":5}},"52":{"start":{"line":112,"column":6},"end":{"line":112,"column":20}},"53":{"start":{"line":115,"column":4},"end":{"line":132,"column":5}},"54":{"start":{"line":117,"column":8},"end":{"line":117,"column":23}},"55":{"start":{"line":119,"column":8},"end":{"line":119,"column":22}},"56":{"start":{"line":121,"column":8},"end":{"line":121,"column":23}},"57":{"start":{"line":123,"column":8},"end":{"line":123,"column":24}},"58":{"start":{"line":125,"column":8},"end":{"line":125,"column":24}},"59":{"start":{"line":127,"column":8},"end":{"line":127,"column":25}},"60":{"start":{"line":129,"column":8},"end":{"line":129,"column":24}},"61":{"start":{"line":131,"column":8},"end":{"line":131,"column":24}},"62":{"start":{"line":135,"column":2},"end":{"line":135,"column":22}},"63":{"start":{"line":138,"column":0},"end":{"line":194,"column":1}},"64":{"start":{"line":139,"column":2},"end":{"line":139,"column":38}},"65":{"start":{"line":140,"column":2},"end":{"line":140,"column":78}},"66":{"start":{"line":142,"column":2},"end":{"line":142,"column":21}},"67":{"start":{"line":143,"column":2},"end":{"line":151,"column":3}},"68":{"start":{"line":145,"column":22},"end":{"line":145,"column":41}},"69":{"start":{"line":145,"column":42},"end":{"line":145,"column":48}},"70":{"start":{"line":146,"column":22},"end":{"line":146,"column":46}},"71":{"start":{"line":146,"column":47},"end":{"line":146,"column":53}},"72":{"start":{"line":147,"column":22},"end":{"line":147,"column":57}},"73":{"start":{"line":147,"column":58},"end":{"line":147,"column":64}},"74":{"start":{"line":148,"column":22},"end":{"line":148,"column":45}},"75":{"start":{"line":148,"column":46},"end":{"line":148,"column":52}},"76":{"start":{"line":149,"column":22},"end":{"line":149,"column":45}},"77":{"start":{"line":149,"column":46},"end":{"line":149,"column":52}},"78":{"start":{"line":154,"column":2},"end":{"line":168,"column":3}},"79":{"start":{"line":155,"column":4},"end":{"line":160,"column":5}},"80":{"start":{"line":156,"column":24},"end":{"line":156,"column":58}},"81":{"start":{"line":156,"column":59},"end":{"line":156,"column":65}},"82":{"start":{"line":157,"column":24},"end":{"line":157,"column":48}},"83":{"start":{"line":157,"column":49},"end":{"line":157,"column":55}},"84":{"start":{"line":158,"column":24},"end":{"line":158,"column":48}},"85":{"start":{"line":158,"column":49},"end":{"line":158,"column":55}},"86":{"start":{"line":159,"column":24},"end":{"line":159,"column":41}},"87":{"start":{"line":159,"column":42},"end":{"line":159,"column":48}},"88":{"start":{"line":162,"column":4},"end":{"line":167,"column":5}},"89":{"start":{"line":163,"column":24},"end":{"line":163,"column":51}},"90":{"start":{"line":163,"column":52},"end":{"line":163,"column":58}},"91":{"start":{"line":164,"column":24},"end":{"line":164,"column":85}},"92":{"start":{"line":164,"column":86},"end":{"line":164,"column":92}},"93":{"start":{"line":165,"column":24},"end":{"line":165,"column":74}},"94":{"start":{"line":165,"column":75},"end":{"line":165,"column":81}},"95":{"start":{"line":166,"column":24},"end":{"line":166,"column":94}},"96":{"start":{"line":166,"column":95},"end":{"line":166,"column":101}},"97":{"start":{"line":169,"column":2},"end":{"line":171,"column":3}},"98":{"start":{"line":170,"column":4},"end":{"line":170,"column":53}},"99":{"start":{"line":174,"column":2},"end":{"line":180,"column":3}},"100":{"start":{"line":175,"column":4},"end":{"line":179,"column":5}},"101":{"start":{"line":176,"column":6},"end":{"line":176,"column":45}},"102":{"start":{"line":178,"column":6},"end":{"line":178,"column":42}},"103":{"start":{"line":183,"column":2},"end":{"line":191,"column":3}},"104":{"start":{"line":184,"column":4},"end":{"line":190,"column":5}},"105":{"start":{"line":185,"column":6},"end":{"line":187,"column":7}},"106":{"start":{"line":186,"column":8},"end":{"line":186,"column":53}},"107":{"start":{"line":189,"column":6},"end":{"line":189,"column":58}},"108":{"start":{"line":193,"column":2},"end":{"line":193,"column":19}},"109":{"start":{"line":196,"column":0},"end":{"line":213,"column":1}},"110":{"start":{"line":197,"column":2},"end":{"line":200,"column":3}},"111":{"start":{"line":199,"column":4},"end":{"line":199,"column":36}},"112":{"start":{"line":201,"column":2},"end":{"line":204,"column":3}},"113":{"start":{"line":203,"column":4},"end":{"line":203,"column":61}},"114":{"start":{"line":206,"column":2},"end":{"line":212,"column":36}},"115":{"start":{"line":216,"column":0},"end":{"line":243,"column":1}},"116":{"start":{"line":217,"column":2},"end":{"line":219,"column":3}},"117":{"start":{"line":218,"column":4},"end":{"line":218,"column":31}},"118":{"start":{"line":220,"column":2},"end":{"line":220,"column":25}},"119":{"start":{"line":221,"column":2},"end":{"line":221,"column":37}},"120":{"start":{"line":222,"column":2},"end":{"line":231,"column":3}},"121":{"start":{"line":223,"column":4},"end":{"line":223,"column":60}},"122":{"start":{"line":224,"column":4},"end":{"line":230,"column":5}},"123":{"start":{"line":225,"column":6},"end":{"line":225,"column":62}},"124":{"start":{"line":226,"column":6},"end":{"line":229,"column":7}},"125":{"start":{"line":227,"column":8},"end":{"line":227,"column":26}},"126":{"start":{"line":228,"column":8},"end":{"line":228,"column":14}},"127":{"start":{"line":233,"column":2},"end":{"line":233,"column":10}},"128":{"start":{"line":234,"column":2},"end":{"line":241,"column":3}},"129":{"start":{"line":235,"column":4},"end":{"line":235,"column":91}},"130":{"start":{"line":237,"column":4},"end":{"line":237,"column":43}},"131":{"start":{"line":238,"column":4},"end":{"line":238,"column":60}},"132":{"start":{"line":239,"column":4},"end":{"line":239,"column":26}},"133":{"start":{"line":240,"column":4},"end":{"line":240,"column":29}},"134":{"start":{"line":242,"column":2},"end":{"line":242,"column":13}},"135":{"start":{"line":245,"column":0},"end":{"line":267,"column":1}},"136":{"start":{"line":246,"column":2},"end":{"line":246,"column":23}},"137":{"start":{"line":248,"column":2},"end":{"line":248,"column":18}},"138":{"start":{"line":249,"column":2},"end":{"line":261,"column":3}},"139":{"start":{"line":250,"column":4},"end":{"line":260,"column":5}},"140":{"start":{"line":251,"column":6},"end":{"line":256,"column":7}},"141":{"start":{"line":253,"column":8},"end":{"line":253,"column":49}},"142":{"start":{"line":255,"column":8},"end":{"line":255,"column":72}},"143":{"start":{"line":259,"column":6},"end":{"line":259,"column":69}},"144":{"start":{"line":264,"column":2},"end":{"line":264,"column":17}},"145":{"start":{"line":266,"column":2},"end":{"line":266,"column":47}},"146":{"start":{"line":269,"column":0},"end":{"line":303,"column":1}},"147":{"start":{"line":270,"column":2},"end":{"line":270,"column":23}},"148":{"start":{"line":272,"column":2},"end":{"line":272,"column":39}},"149":{"start":{"line":273,"column":2},"end":{"line":278,"column":5}},"150":{"start":{"line":274,"column":4},"end":{"line":276,"column":5}},"151":{"start":{"line":275,"column":6},"end":{"line":275,"column":18}},"152":{"start":{"line":277,"column":4},"end":{"line":277,"column":57}},"153":{"start":{"line":280,"column":2},"end":{"line":291,"column":3}},"154":{"start":{"line":281,"column":4},"end":{"line":281,"column":21}},"155":{"start":{"line":282,"column":4},"end":{"line":284,"column":7}},"156":{"start":{"line":283,"column":6},"end":{"line":283,"column":26}},"157":{"start":{"line":285,"column":4},"end":{"line":285,"column":52}},"158":{"start":{"line":286,"column":4},"end":{"line":290,"column":7}},"159":{"start":{"line":287,"column":6},"end":{"line":289,"column":7}},"160":{"start":{"line":288,"column":8},"end":{"line":288,"column":66}},"161":{"start":{"line":294,"column":2},"end":{"line":294,"column":65}},"162":{"start":{"line":294,"column":43},"end":{"line":294,"column":61}},"163":{"start":{"line":296,"column":2},"end":{"line":296,"column":17}},"164":{"start":{"line":298,"column":2},"end":{"line":302,"column":3}},"165":{"start":{"line":299,"column":4},"end":{"line":299,"column":14}},"166":{"start":{"line":301,"column":4},"end":{"line":301,"column":55}},"167":{"start":{"line":305,"column":0},"end":{"line":345,"column":1}},"168":{"start":{"line":306,"column":2},"end":{"line":308,"column":3}},"169":{"start":{"line":307,"column":4},"end":{"line":307,"column":16}},"170":{"start":{"line":310,"column":2},"end":{"line":310,"column":78}},"171":{"start":{"line":311,"column":2},"end":{"line":311,"column":10}},"172":{"start":{"line":312,"column":2},"end":{"line":338,"column":3}},"173":{"start":{"line":313,"column":4},"end":{"line":315,"column":5}},"174":{"start":{"line":314,"column":6},"end":{"line":314,"column":18}},"175":{"start":{"line":316,"column":4},"end":{"line":324,"column":5}},"176":{"start":{"line":317,"column":6},"end":{"line":321,"column":7}},"177":{"start":{"line":318,"column":8},"end":{"line":318,"column":56}},"178":{"start":{"line":320,"column":8},"end":{"line":320,"column":49}},"179":{"start":{"line":322,"column":11},"end":{"line":324,"column":5}},"180":{"start":{"line":323,"column":6},"end":{"line":323,"column":47}},"181":{"start":{"line":325,"column":9},"end":{"line":338,"column":3}},"182":{"start":{"line":326,"column":4},"end":{"line":326,"column":47}},"183":{"start":{"line":328,"column":4},"end":{"line":328,"column":39}},"184":{"start":{"line":329,"column":4},"end":{"line":331,"column":5}},"185":{"start":{"line":330,"column":6},"end":{"line":330,"column":18}},"186":{"start":{"line":332,"column":4},"end":{"line":337,"column":5}},"187":{"start":{"line":333,"column":6},"end":{"line":333,"column":52}},"188":{"start":{"line":334,"column":6},"end":{"line":336,"column":7}},"189":{"start":{"line":335,"column":8},"end":{"line":335,"column":38}},"190":{"start":{"line":340,"column":2},"end":{"line":344,"column":3}},"191":{"start":{"line":341,"column":4},"end":{"line":341,"column":15}},"192":{"start":{"line":343,"column":4},"end":{"line":343,"column":66}},"193":{"start":{"line":347,"column":0},"end":{"line":357,"column":1}},"194":{"start":{"line":348,"column":2},"end":{"line":348,"column":22}},"195":{"start":{"line":349,"column":2},"end":{"line":356,"column":3}},"196":{"start":{"line":350,"column":4},"end":{"line":350,"column":52}},"197":{"start":{"line":351,"column":9},"end":{"line":356,"column":3}},"198":{"start":{"line":352,"column":4},"end":{"line":352,"column":37}},"199":{"start":{"line":354,"column":4},"end":{"line":354,"column":33}},"200":{"start":{"line":355,"column":4},"end":{"line":355,"column":37}},"201":{"start":{"line":359,"column":0},"end":{"line":390,"column":1}},"202":{"start":{"line":360,"column":2},"end":{"line":360,"column":15}},"203":{"start":{"line":363,"column":2},"end":{"line":363,"column":47}},"204":{"start":{"line":364,"column":2},"end":{"line":364,"column":50}},"205":{"start":{"line":365,"column":2},"end":{"line":365,"column":46}},"206":{"start":{"line":366,"column":2},"end":{"line":366,"column":57}},"207":{"start":{"line":367,"column":2},"end":{"line":367,"column":55}},"208":{"start":{"line":368,"column":2},"end":{"line":368,"column":47}},"209":{"start":{"line":369,"column":2},"end":{"line":369,"column":51}},"210":{"start":{"line":372,"column":2},"end":{"line":372,"column":121}},"211":{"start":{"line":373,"column":2},"end":{"line":373,"column":88}},"212":{"start":{"line":376,"column":2},"end":{"line":376,"column":35}},"213":{"start":{"line":377,"column":2},"end":{"line":377,"column":34}},"214":{"start":{"line":378,"column":2},"end":{"line":378,"column":31}},"215":{"start":{"line":379,"column":2},"end":{"line":379,"column":32}},"216":{"start":{"line":380,"column":2},"end":{"line":380,"column":28}},"217":{"start":{"line":382,"column":2},"end":{"line":385,"column":4}},"218":{"start":{"line":383,"column":4},"end":{"line":383,"column":18}},"219":{"start":{"line":384,"column":4},"end":{"line":384,"column":52}},"220":{"start":{"line":386,"column":2},"end":{"line":386,"column":36}},"221":{"start":{"line":387,"column":2},"end":{"line":387,"column":22}},"222":{"start":{"line":388,"column":2},"end":{"line":388,"column":28}},"223":{"start":{"line":389,"column":2},"end":{"line":389,"column":19}},"224":{"start":{"line":392,"column":0},"end":{"line":406,"column":3}},"225":{"start":{"line":408,"column":0},"end":{"line":413,"column":1}},"226":{"start":{"line":409,"column":2},"end":{"line":411,"column":3}},"227":{"start":{"line":410,"column":4},"end":{"line":410,"column":39}},"228":{"start":{"line":412,"column":2},"end":{"line":412,"column":58}}},"branchMap":{"1":{"line":11,"type":"binary-expr","locations":[{"start":{"line":11,"column":9},"end":{"line":11,"column":30}},{"start":{"line":11,"column":34},"end":{"line":11,"column":88}}]},"2":{"line":65,"type":"if","locations":[{"start":{"line":65,"column":2},"end":{"line":65,"column":2}},{"start":{"line":65,"column":2},"end":{"line":65,"column":2}}]},"3":{"line":70,"type":"if","locations":[{"start":{"line":70,"column":2},"end":{"line":70,"column":2}},{"start":{"line":70,"column":2},"end":{"line":70,"column":2}}]},"4":{"line":83,"type":"if","locations":[{"start":{"line":83,"column":2},"end":{"line":83,"column":2}},{"start":{"line":83,"column":2},"end":{"line":83,"column":2}}]},"5":{"line":89,"type":"if","locations":[{"start":{"line":89,"column":2},"end":{"line":89,"column":2}},{"start":{"line":89,"column":2},"end":{"line":89,"column":2}}]},"6":{"line":110,"type":"if","locations":[{"start":{"line":110,"column":2},"end":{"line":110,"column":2}},{"start":{"line":110,"column":2},"end":{"line":110,"column":2}}]},"7":{"line":111,"type":"if","locations":[{"start":{"line":111,"column":4},"end":{"line":111,"column":4}},{"start":{"line":111,"column":4},"end":{"line":111,"column":4}}]},"8":{"line":115,"type":"switch","locations":[{"start":{"line":116,"column":6},"end":{"line":117,"column":23}},{"start":{"line":118,"column":6},"end":{"line":119,"column":22}},{"start":{"line":120,"column":6},"end":{"line":121,"column":23}},{"start":{"line":122,"column":6},"end":{"line":123,"column":24}},{"start":{"line":124,"column":6},"end":{"line":125,"column":24}},{"start":{"line":126,"column":6},"end":{"line":127,"column":25}},{"start":{"line":128,"column":6},"end":{"line":129,"column":24}},{"start":{"line":130,"column":6},"end":{"line":131,"column":24}}]},"9":{"line":140,"type":"binary-expr","locations":[{"start":{"line":140,"column":20},"end":{"line":140,"column":41}},{"start":{"line":140,"column":45},"end":{"line":140,"column":76}}]},"10":{"line":143,"type":"switch","locations":[{"start":{"line":145,"column":4},"end":{"line":145,"column":48}},{"start":{"line":146,"column":4},"end":{"line":146,"column":53}},{"start":{"line":147,"column":4},"end":{"line":147,"column":64}},{"start":{"line":148,"column":4},"end":{"line":148,"column":52}},{"start":{"line":149,"column":4},"end":{"line":149,"column":52}}]},"11":{"line":154,"type":"if","locations":[{"start":{"line":154,"column":2},"end":{"line":154,"column":2}},{"start":{"line":154,"column":2},"end":{"line":154,"column":2}}]},"12":{"line":155,"type":"switch","locations":[{"start":{"line":156,"column":6},"end":{"line":156,"column":65}},{"start":{"line":157,"column":6},"end":{"line":157,"column":55}},{"start":{"line":158,"column":6},"end":{"line":158,"column":55}},{"start":{"line":159,"column":6},"end":{"line":159,"column":48}}]},"13":{"line":162,"type":"switch","locations":[{"start":{"line":163,"column":6},"end":{"line":163,"column":58}},{"start":{"line":164,"column":6},"end":{"line":164,"column":92}},{"start":{"line":165,"column":6},"end":{"line":165,"column":81}},{"start":{"line":166,"column":6},"end":{"line":166,"column":101}}]},"14":{"line":166,"type":"cond-expr","locations":[{"start":{"line":166,"column":64},"end":{"line":166,"column":81}},{"start":{"line":166,"column":84},"end":{"line":166,"column":86}}]},"15":{"line":169,"type":"if","locations":[{"start":{"line":169,"column":2},"end":{"line":169,"column":2}},{"start":{"line":169,"column":2},"end":{"line":169,"column":2}}]},"16":{"line":174,"type":"if","locations":[{"start":{"line":174,"column":2},"end":{"line":174,"column":2}},{"start":{"line":174,"column":2},"end":{"line":174,"column":2}}]},"17":{"line":175,"type":"if","locations":[{"start":{"line":175,"column":4},"end":{"line":175,"column":4}},{"start":{"line":175,"column":4},"end":{"line":175,"column":4}}]},"18":{"line":183,"type":"if","locations":[{"start":{"line":183,"column":2},"end":{"line":183,"column":2}},{"start":{"line":183,"column":2},"end":{"line":183,"column":2}}]},"19":{"line":183,"type":"binary-expr","locations":[{"start":{"line":183,"column":6},"end":{"line":183,"column":31}},{"start":{"line":183,"column":36},"end":{"line":183,"column":54}},{"start":{"line":183,"column":58},"end":{"line":183,"column":83}},{"start":{"line":183,"column":87},"end":{"line":183,"column":101}}]},"20":{"line":184,"type":"if","locations":[{"start":{"line":184,"column":4},"end":{"line":184,"column":4}},{"start":{"line":184,"column":4},"end":{"line":184,"column":4}}]},"21":{"line":185,"type":"if","locations":[{"start":{"line":185,"column":6},"end":{"line":185,"column":6}},{"start":{"line":185,"column":6},"end":{"line":185,"column":6}}]},"22":{"line":199,"type":"cond-expr","locations":[{"start":{"line":199,"column":23},"end":{"line":199,"column":30}},{"start":{"line":199,"column":34},"end":{"line":199,"column":35}}]},"23":{"line":203,"type":"cond-expr","locations":[{"start":{"line":203,"column":23},"end":{"line":203,"column":31}},{"start":{"line":203,"column":35},"end":{"line":203,"column":60}}]},"24":{"line":203,"type":"cond-expr","locations":[{"start":{"line":203,"column":48},"end":{"line":203,"column":55}},{"start":{"line":203,"column":59},"end":{"line":203,"column":60}}]},"25":{"line":217,"type":"if","locations":[{"start":{"line":217,"column":2},"end":{"line":217,"column":2}},{"start":{"line":217,"column":2},"end":{"line":217,"column":2}}]},"26":{"line":222,"type":"if","locations":[{"start":{"line":222,"column":2},"end":{"line":222,"column":2}},{"start":{"line":222,"column":2},"end":{"line":222,"column":2}}]},"27":{"line":225,"type":"binary-expr","locations":[{"start":{"line":225,"column":17},"end":{"line":225,"column":39}},{"start":{"line":225,"column":43},"end":{"line":225,"column":60}}]},"28":{"line":226,"type":"if","locations":[{"start":{"line":226,"column":6},"end":{"line":226,"column":6}},{"start":{"line":226,"column":6},"end":{"line":226,"column":6}}]},"29":{"line":234,"type":"if","locations":[{"start":{"line":234,"column":2},"end":{"line":234,"column":2}},{"start":{"line":234,"column":2},"end":{"line":234,"column":2}}]},"30":{"line":237,"type":"cond-expr","locations":[{"start":{"line":237,"column":28},"end":{"line":237,"column":37}},{"start":{"line":237,"column":40},"end":{"line":237,"column":42}}]},"31":{"line":250,"type":"if","locations":[{"start":{"line":250,"column":4},"end":{"line":250,"column":4}},{"start":{"line":250,"column":4},"end":{"line":250,"column":4}}]},"32":{"line":251,"type":"if","locations":[{"start":{"line":251,"column":6},"end":{"line":251,"column":6}},{"start":{"line":251,"column":6},"end":{"line":251,"column":6}}]},"33":{"line":251,"type":"binary-expr","locations":[{"start":{"line":251,"column":10},"end":{"line":251,"column":24}},{"start":{"line":251,"column":28},"end":{"line":251,"column":50}}]},"34":{"line":259,"type":"cond-expr","locations":[{"start":{"line":259,"column":35},"end":{"line":259,"column":62}},{"start":{"line":259,"column":65},"end":{"line":259,"column":67}}]},"35":{"line":274,"type":"if","locations":[{"start":{"line":274,"column":4},"end":{"line":274,"column":4}},{"start":{"line":274,"column":4},"end":{"line":274,"column":4}}]},"36":{"line":274,"type":"binary-expr","locations":[{"start":{"line":274,"column":8},"end":{"line":274,"column":24}},{"start":{"line":274,"column":28},"end":{"line":274,"column":46}}]},"37":{"line":280,"type":"if","locations":[{"start":{"line":280,"column":2},"end":{"line":280,"column":2}},{"start":{"line":280,"column":2},"end":{"line":280,"column":2}}]},"38":{"line":287,"type":"if","locations":[{"start":{"line":287,"column":6},"end":{"line":287,"column":6}},{"start":{"line":287,"column":6},"end":{"line":287,"column":6}}]},"39":{"line":298,"type":"if","locations":[{"start":{"line":298,"column":2},"end":{"line":298,"column":2}},{"start":{"line":298,"column":2},"end":{"line":298,"column":2}}]},"40":{"line":298,"type":"binary-expr","locations":[{"start":{"line":298,"column":6},"end":{"line":298,"column":23}},{"start":{"line":298,"column":27},"end":{"line":298,"column":46}}]},"41":{"line":306,"type":"if","locations":[{"start":{"line":306,"column":2},"end":{"line":306,"column":2}},{"start":{"line":306,"column":2},"end":{"line":306,"column"
[...]
,"4":1,"6":1,"9":0,"13":1,"16":0,"20":1,"23":0,"27":1,"30":0,"34":1,"37":0,"38":0,"40":0}},"/home/travis/build/npmtest/node-npmtest-underscore-cli/node_modules/underscore-cli/lib/output-formats.js":{"path":"/home/travis/build/npmtest/node-npmtest-underscore-cli/node_modules/underscore-cli/lib/output-formats.js","s":{"1":1,"2":1,"3":1,"4":1,"5":1,"6":1,"7":0,"8":1,"9":0,"10":1,"11":1,"12":0,"13":1,"14":0,"15":0,"16":0,"17":0,"18":0,"19":0,"20":1,"21":0,"22":0,"23":0,"24":1,"25":0,"26":1,"27":0,"28":0,"29":0,"30":0,"31":0,"32":0,"33":0,"34":0,"35":0},"b":{"1":[0,0],"2":[0,0],"3":[0,0],"4":[0,0],"5":[0,0],"6":[0,0],"7":[0,0]},"f":{"1":0,"2":0,"3":0,"4":0,"5":0,"6":0,"7":0,"8":0,"9":0},"fnMap":{"1":{"name":"(anonymous_1)","line":21,"loc":{"start":{"line":21,"column":13},"end":{"line":21,"column":29}}},"2":{"name":"(anonymous_2)","line":28,"loc":{"start":{"line":28,"column":13},"end":{"line":28,"column":29}}},"3":{"name":"(anonymous_3)","line":48,"loc":{"start":{"line":48,"column":13},"end":{"line":48,"column":29}}},"4":{"name":"(anonymous_4)","line":55,"loc":{"start":{"line":55,"column":13},"end":{"line":55,"column":29}}},"5":{"name":"(anonymous_5)","line":59,"loc":{"start":{"line":59,"column":23},"end":{"line":59,"column":40}}},"6":{"name":"(anonymous_6)","line":71,"loc":{"start":{"line":71,"column":13},"end":{"line":71,"column":29}}},"7":{"name":"bold","line":80,"loc":{"start":{"line":80,"column":0},"end":{"line":80,"column":23}}},"8":{"name":"(anonymous_8)","line":88,"loc":{"start":{"line":88,"column":13},"end":{"line":88,"column":29}}},"9":{"name":"(anonymous_9)","line":94,"loc":{"start":{"line":94,"column":21},"end":{"line":94,"column":34}}}},"statementMap":{"1":{"start":{"line":1,"column":0},"end":{"line":1,"column":27}},"2":{"start":{"line":2,"column":0},"end":{"line":2,"column":32}},"3":{"start":{"line":3,"column":0},"end":{"line":3,"column":39}},"4":{"start":{"line":4,"column":0},"end":{"line":4,"column":23}},"5":{"start":{"line":6,"column":0},"end":{"line":17,"column":2}},"6":{"start":{"line":19,"column":0},"end":{"line":24,"column":2}},"7":{"start":{"line":22,"column":4},"end":{"line":22,"column":32}},"8":{"start":{"line":26,"column":0},"end":{"line":31,"column":2}},"9":{"start":{"line":29,"column":4},"end":{"line":29,"column":44}},"10":{"start":{"line":33,"column":0},"end":{"line":44,"column":2}},"11":{"start":{"line":46,"column":0},"end":{"line":51,"column":2}},"12":{"start":{"line":49,"column":4},"end":{"line":49,"column":43}},"13":{"start":{"line":53,"column":0},"end":{"line":67,"column":2}},"14":{"start":{"line":56,"column":4},"end":{"line":58,"column":5}},"15":{"start":{"line":57,"column":6},"end":{"line":57,"column":20}},"16":{"start":{"line":59,"column":4},"end":{"line":65,"column":18}},"17":{"start":{"line":60,"column":6},"end":{"line":64,"column":7}},"18":{"start":{"line":61,"column":8},"end":{"line":61,"column":21}},"19":{"start":{"line":63,"column":8},"end":{"line":63,"column":37}},"20":{"start":{"line":69,"column":0},"end":{"line":77,"column":2}},"21":{"start":{"line":72,"column":4},"end":{"line":74,"column":5}},"22":{"start":{"line":73,"column":6},"end":{"line":73,"column":39}},"23":{"start":{"line":75,"column":4},"end":{"line":75,"column":34}},"24":{"start":{"line":80,"column":0},"end":{"line":83,"column":1}},"25":{"start":{"line":82,"column":2},"end":{"line":82,"column":43}},"26":{"start":{"line":86,"column":0},"end":{"line":107,"column":2}},"27":{"start":{"line":89,"column":4},"end":{"line":91,"column":5}},"28":{"start":{"line":90,"column":6},"end":{"line":90,"column":39}},"29":{"start":{"line":92,"column":4},"end":{"line":105,"column":9}},"30":{"start":{"line":95,"column":8},"end":{"line":95,"column":33}},"31":{"start":{"line":96,"column":8},"end":{"line":104,"column":9}},"32":{"start":{"line":97,"column":10},"end":{"line":97,"column":19}},"33":{"start":{"line":99,"column":10},"end":{"line":103,"column":11}},"34":{"start":{"line":100,"column":12},"end":{"line":100,"column":54}},"35":{"start":{"line":102,"column":12},"end":{"line":102,"column":53}}},"branchMap":{"1":{"line":56,"type":"if","locations":[{"start":{"line":56,"column":4},"end":{"line":56,"column":4}},{"start":{"line":56,"column":4},"end":{"line":56,"column":4}}]},"2":{"line":60,"type":"if","locations":[{"start":{"line":60,"column":6},"end":{"line":60,"column":6}},{"start":{"line":60,"column":6},"end":{"line":60,"column":6}}]},"3":{"line":72,"type":"if","locations":[{"start":{"line":72,"column":4},"end":{"line":72,"column":4}},{"start":{"line":72,"column":4},"end":{"line":72,"column":4}}]},"4":{"line":89,"type":"if","locations":[{"start":{"line":89,"column":4},"end":{"line":89,"column":4}},{"start":{"line":89,"column":4},"end":{"line":89,"column":4}}]},"5":{"line":96,"type":"if","locations":[{"start":{"line":96,"column":8},"end":{"line":96,"column":8}},{"start":{"line":96,"column":8},"end":{"line":96,"column":8}}]},"6":{"line":96,"type":"binary-expr","locations":[{"start":{"line":96,"column":12},"end":{"line":96,"column":19}},{"start":{"line":96,"column":23},"end":{"line":96,"column":31}}]},"7":{"line":99,"type":"if","locations":[{"start":{"line":99,"column":10},"end":{"line":99,"column":10}},{"start":{"line":99,"column":10},"end":{"line":99,"column":10}}]}},"code":["var util = require('util');","var _ = require('./underscore');","var Formatter = require('./formatter');","var MessagePack = null; // lazy load of require('msgpack')","","exports['json'] = {","  description: \"The default format.  Outputs strictly correct, human-readible JSON w/ smart whitespace. This format has received a lot of love.  Try the '--color' flag.\",","  stringify: Formatter.withConfig({","    color: false,","    jsonNullBehavior: true, // add 'null' to array when elements are unset or equal to 'undefined' (distinct cases); skip object properties that map to 'undefined'","    jsonIgnoreArrayProps: true, // In JS, it's possible to set properties on an Array object.  E.g., (v=[1, 2, 3, 4],v.prop1=true,v).  JSON.stringify ignores these.  When this behavior is 'true', so do we","    quoteKeys: true,","    quotes: '\"',","    wrapWidth: 100,","    openBraceOnNewline: false","  })","};","","exports['dense'] = {","  description: \"Output dense JSON using JSON.stringify.  Efficient, but hard to read.\",","  stringify: function (data) {","    return JSON.stringify(data);","  }","};","","exports['stringify'] = {","  description: \"Output formatted JSON using JSON.stringify.  A bit too verbose.\",","  stringify: function (data) {","    return JSON.stringify(data, null, '  ');","  }","};","","exports['pretty'] = {","  description: \"Output a richer 'inspection' syntax.  When printing array-and-object graphs that can be generated by JSON.parse, the output is valid JavaScript syntax (but not strict JSON).  When handling complex objects not expressable in declarative JavaScript (eg arrays that also have object properties), the output is informative, but not parseable as JavaScript.\",","  stringify: Formatter.withConfig({","    color: true,","    jsonParity: false,","    quoteKeys: false,","    quotes: '\"',","    wrapWidth: 100,","    openBraceOnNewline: false,","    complexObjects: true","  })","};","","exports['inspect'] = {","  description: \"Uses Node's 'util.inspect' to print the output\",","  stringify: function (data) {","    return util.inspect(data, false, 9999);","  }","};","","exports['text'] = {","  description: \"If data is a string, it is printed directly without quotes.  If data is an array, elements are separated by newlines.  Objects and arrays-within-arrays are JSON formated into a single line.  The stock example does not convey the intent of this format, which is designed to enable traditional text processing via JavaScript and to facilitate flattening of JSON lists into line-delimited lists.\",","  stringify: function (data) {","    if (! _.isArray(data)) {","      data = [data];","    }","    return _.map(data, function (entry) {","      if (_.isString(entry)) {","        return entry;","      } else {","        return JSON.stringify(entry);","      }","    }).join('\\n');","  }","};","","exports['msgpack'] = {","  description: 'MessagePack binary JSON format',","  stringify: function (text) {","    if (! MessagePack) {","      MessagePack = require('msgpack');","    }","    return MessagePack.pack(text);","  }","};","","","function bold (string) {","  // bold white.  see https://github.com/gf3/coloured/blob/master/lib/coloured.js","  return \"\\033[1;37m\" + string + \"\\033[0m\";","}","","","exports['msgpack.print'] = {","  description: 'Textual representation of MessagePack',","  stringify: function (text) {","    if (! MessagePack) {","      MessagePack = require('msgpack');","    }","    return MessagePack.pack(text)","      .toString('binary')","      .replace(/./g, function (x) {","        var cc = x.charCodeAt(0);","        if (cc > 31 && cc < 127) {","          return x;","        } else {","          if (cc < 16) {","            return bold(\"<0\" + cc.toString(16) + \">\");","          } else {","            return bold(\"<\" + cc.toString(16) + \">\");","          }","        }","      });","  }","};",""],"l":{"1":1,"2":1,"3":1,"4":1,"6":1,"19":1,"22":0,"26":1,"29":0,"33":1,"46":1,"49":0,"53":1,"56":0,"57":0,"59":0,"60":0,"61":0,"63":0,"69":1,"72":0,"73":0,"75":0,"80":1,"82":0,"86":1,"89":0,"90":0,"92":0,"95":0,"96":0,"97":0,"99":0,"100":0,"102":0}},"/home/travis/build/npmtest/node-npmtest-underscore-cli/node_modules/underscore-cli/lib/template.js":{"path":"/home/travis/build/npmtest/node-npmtest-underscore-cli/node_modules/underscore-cli/lib/template.js","s":{"1":1,"2":1,"3":1,"4":1,"5":1,"6":0,"7":0,"8":0,"9":1,"10":1,"11":1,"12":7,"13":1,"14":1,"15":1,"16":0,"17":0,"18":1,"19":0,"20":0,"21":0,"22":0,"23":0,"24":0,"25":0,"26":0,"27":0,"28":0,"29":0,"30":1,"31":0,"32":0,"33":0,"34":0,"35":1,"36":0,"37":0,"38":0,"39":0,"40":0,"41":0,"42":0},"b":{"1":[0,0],"2":[0,0],"3":[0,0],"4":[0,0],"5":[0,0],"6":[0,0],"7":[0,0]},"f":{"1":0,"2":0,"3":0,"4":0,"5":0,"6":0,"7":0,"8":0,"9":0,"10":0},"fnMap":{"1":{"name":"stripBOM","line":11,"loc":{"start":{"line":11,"column":0},"end":{"line":11,"column":27}}},"2":{"name":"(anonymous_2)","line":48,"loc":{"start":{"line":48,"column":15},"end":{"line":48,"column":30}}},"3":{"name":"(anonymous_3)","line":49,"loc":{"start":{"line":49,"column":33},"end":{"line":49,"column":57}}},"4":{"name":"parseTemplate","line":59,"loc":{"start":{"line":59,"column":0},"end":{"line":59,"column":29}}},"5":{"name":"(anonymous_5)","line":67,"loc":{"start":{"line":67,"column":22},"end":{"line":67,"column":38}}},"6":{"name":"(anonymous_6)","line":70,"loc":{"start":{"line":70,"column":41},"end":{"line":70,"column":63}}},"7":{"name":"(anonymous_7)","line":73,"loc":{"start":{"line":73,"column":46},"end":{"line":73,"column":68}}},"8":{"name":"(anonymous_8)","line":76,"loc":{"start":{"line":76,"column":43},"end":{"line":76,"column":65}}},"9":{"name":"requireDotTemplate","line":95,"loc":{"start":{"line":95,"column":34},"end":{"line":95,"column":86}}},"10":{"name":"(anonymous_10)","line":104,"loc":{"start":{"line":104,"column":18},"end":{"line":104,"column":44}}}},"statementMap":{"1":{"start":{"line":1,"column":0},"end":{"line":1,"column":23}},"2":{"start":{"line":2,"column":0},"end":{"line":2,"column":30}},"3":{"start":{"line":3,"column":0},"end":{"line":3,"column":31}},"4":{"start":{"line":4,"column":0},"end":{"line":4,"column":27}},"5":{"start":{"line":11,"column":0},"end":{"line":19,"column":1}},"6":{"start":{"line":15,"column":2},"end":{"line":17,"column":3}},"7":{"start":{"line":16,"column":4},"end":{"line":16,"column":31}},"8":{"start":{"line":18,"column":2},"end":{"line":18,"column":17}},"9":{"start":{"line":28,"column":0},"end":{"line":28,"column":19}},"10":{"start":{"line":32,"column":0},"end":{"line":40,"column":2}},"11":{"start":{"line":42,"column":0},"end":{"line":42,"column":51}},"12":{"start":{"line":42,"column":25},"end":{"line":42,"column":49}},"13":{"start":{"line":43,"column":0},"end":{"line":43,"column":45}},"14":{"start":{"line":44,"column":0},"end":{"line":44,"column":46}},"15":{"start":{"line":48,"column":0},"end":{"line":52,"column":2}},"16":{"start":{"line":49,"column":2},"end":{"line":51,"column":5}},"17":{"start":{"line":50,"column":4},"end":{"line":50,"column":27}},"18":{"start":{"line":59,"column":0},"end":{"line":90,"column":1}},"19":{"start":{"line":60,"column":2},"end":{"line":60,"column":36}},"20":{"start":{"line":66,"column":2},"end":{"line":78,"column":14}},"21":{"start":{"line":68,"column":6},"end":{"line":68,"column":35}},"22":{"start":{"line":71,"column":6},"end":{"line":71,"column":52}},"23":{"start":{"line":74,"column":6},"end":{"line":74,"column":44}},"24":{"start":{"line":77,"column":6},"end":{"line":77,"column":47}},"25":{"start":{"line":81,"column":2},"end":{"line":83,"column":3}},"26":{"start":{"line":82,"column":4},"end":{"line":82,"column":45}},"27":{"start":{"line":85,"column":2},"end":{"line":87,"column":30}},"28":{"start":{"line":88,"column":2},"end":{"line":88,"column":46}},"29":{"start":{"line":89,"column":2},"end":{"line":89,"column":16}},"30":{"start":{"line":95,"column":0},"end":{"line":100,"column":2}},"31":{"start":{"line":96,"column":2},"end":{"line":96,"column":67}},"32":{"start":{"line":97,"column":2},"end":{"line":97,"column":57}},"33":{"start":{"line":98,"column":2},"end":{"line":98,"column":36}},"34":{"start":{"line":99,"column":2},"end":{"line":99,"column":33}},"35":{"start":{"line":104,"column":0},"end":{"line":112,"column":2}},"36":{"start":{"line":105,"column":2},"end":{"line":105,"column":36}},"37":{"start":{"line":106,"column":2},"end":{"line":106,"column":39}},"38":{"start":{"line":107,"column":2},"end":{"line":107,"column":24}},"39":{"start":{"line":108,"column":2},"end":{"line":108,"column":60}},"40":{"start":{"line":109,"column":2},"end":{"line":109,"column":53}},"41":{"start":{"line":110,"column":2},"end":{"line":110,"column":18}},"42":{"start":{"line":111,"column":2},"end":{"line":111,"column":19}}},"branchMap":{"1":{"line":15,"type":"if","locations":[{"start":{"line":15,"column":2},"end":{"line":15,"column":2}},{"start":{"line":15,"column":2},"end":{"line":15,"column":2}}]},"2":{"line":70,"type":"binary-expr","locations":[{"start":{"line":70,"column":13},"end":{"line":70,"column":28}},{"start":{"line":70,"column":32},"end":{"line":70,"column":39}}]},"3":{"line":73,"type":"binary-expr","locations":[{"start":{"line":73,"column":13},"end":{"line":73,"column":33}},{"start":{"line":73,"column":37},"end":{"line":73,"column":44}}]},"4":{"line":76,"type":"binary-expr","locations":[{"start":{"line":76,"column":13},"end":{"line":76,"column":30}},{"start":{"line":76,"column":34},"end":{"line":76,"column":41}}]},"5":{"line":81,"type":"if","locations":[{"start":{"line":81,"column":2},"end":{"line":81,"column":2}},{"start":{"line":81,"column":2},"end":{"line":81,"column":2}}]},"6":{"line":85,"type":"binary-expr","locations":[{"start":{"line":85,"column":26},"end":{"line":85,"column":43}},{"start":{"line":85,"column":47},"end":{"line":85,"column":52}}]},"7":{"line":96,"type":"cond-expr","locations":[{"start":{"line":96,"column":25},"end":{"line":96,"column":29}},{"start":{"line":96,"column":32},"end":{"line":96,"column":65}}]}},"code":["var fs = require('fs');","var _ = require('underscore');","var Module = require('module');","var path = require('path');","","////////////////////////////////////////////////////////////////////////////////////////////////////","// From: module.js","////////////////////////////////////////////////////////////////////////////////////////////////////","","// DDOPSON-2012-04-28 - stealing this method from module.js ... seems pretty corner-case","function stripBOM(content) {","  // Remove byte order marker. This catches EF BB BF (the UTF-8 BOM)","  // because the buffer-to-string conversion in `fs.readFileSync()`","  // translates it to FEFF, the UTF-16 BOM.","  if (content.charCodeAt(0) === 0xFEFF) {","    content = content.slice(1);","  }","  return content;","}","","////////////////////////////////////////////////////////////////////////////////////////////////////","// From: underscore.js","////////////////////////////////////////////////////////////////////////////////////////////////////","","// When customizing `templateSettings`, if you don't want to define an","// interpolation, evaluation or escaping regex, we need one that is","// guaranteed not to match.","var noMatch = /.^/;","","// Certain characters need to be escaped so that they can be put into a","// string literal.","var escapes = {","  '\\\\': '\\\\',","  \"'\": \"'\",","  'r': '\\r',","  'N': '\\n',","  't': '\\t',","  'u2028': '\\u2028',","  'u2029': '\\u2029'","};","","for (var p in escapes) { escapes[escapes[p]] = p; }","var escaper = /\\\\|'|\\r|\\n|\\t|\\u2028|\\u2029/g;","var unescaper = /\\\\(\\\\|'|r|N|t|u2028|u2029)/g;","","// Within an interpolation, evaluation, or escaping, remove HTML escaping","// that had been previously added.","var unescape = function(code) {","  return code.replace(unescaper, function(match, escape) {","    return escapes[escape];","  });","};","","// JavaScript micro-templating, similar to John Resig's implementation.","// Underscore templating handles arbitrary delimiters, preserves whitespace,","// and correctly escapes quotes within interpolated code.","","// DDOPSON-2012-04-29 - The method below is written such that the line numbers are in perfect 1:1 correlation between the .template file and the generated JS code.  This means that stacks will have correct line numbers","function parseTemplate(text) {","  var settings = _.templateSettings;","","  // Compile the template source, taking care to escape characters that","  // cannot be included in a string literal and then unescape them in code","  // blocks.","  ","  var source = \"__p+='\" + text","    .replace(escaper, function(match) {","      return '\\\\' + escapes[match];","    })","    .replace(settings.escape || noMatch, function(match, code) {","      return \"'+_.escape(\" + unescape(code) + \")+'\";","    })","    .replace(settings.interpolate || noMatch, function(match, code) {","      return \"'+(\" + unescape(code) + \")+'\";","    })","    .replace(settings.evaluate || noMatch, function(match, code) {","      return \"';\" + unescape(code) + \";__p+='\";","    }) + \"';\";","","  // If a variable is not specified, place data values in local scope.","  if (!settings.variable) {","    source = 'with(obj||{}){' + source + '}';","  }","","  source = 'function(' + (settings.variable || 'obj') + '){' +","    \"var __p='', print=function(){__p+=Array.prototype.join.call(arguments, '')};\" +","    source + \" return __p; }\";","  source = source.replace(/\\\\N/g, \"\\\\n'+\\n'\");","  return source;","}","","","// when loaded as require('foo.template'), text == undefined","// This allows using require() to import a template as a fn","require.extensions['.template'] = function requireDotTemplate(module, filename, text) {","  text = stripBOM(text ? text : fs.readFileSync(filename, 'utf8'));","  var source = \"module.exports = \" + parseTemplate(text);","  module._compile(source, filename);","  module.exports.source = source;","};","","","// This is similar to what happens when require() loads a module, but allows us to pass in the text instead of searching the file-system","exports.compile = function (filename, text) {","  filename = path.resolve(filename);","  var m = new Module(filename, module);","  m.filename = filename;","  m.paths = Module._nodeModulePaths(path.dirname(filename));","  require.extensions['.template'](m, filename, text);","  m.loaded = true;","  return m.exports;","};",""],"l":{"1":1,"2":1,"3":1,"4":1,"11":1,"15":0,"16":0,"18":0,"28":1,"32":1,"42":7,"43":1,"44":1,"48":1,"49":0,"50":0,"59":1,"60":0,"66":0,"68":0,"71":0,"74":0,"77":0,"81":0,"82":0,"85":0,"88":0,"89":0,"95":1,"96":0,"97":0,"98":0,"99":0,"104":1,"105":0,"106":0,"107":0,"108":0,"109":0,"110":0,"111":0}}}